{"meta": {"format": 3, "version": "7.13.4", "timestamp": "2026-02-10T00:56:08.889083", "branch_coverage": true, "show_contexts": false}, "files": {"dhruva/__main__.py": {"executed_lines": [7, 8, 9, 10, 11, 12, 13, 14, 15, 18, 22, 23, 24, 32, 33, 36, 55, 155, 246, 271, 277, 291, 304, 322, 455, 487, 497], "summary": {"covered_lines": 27, "num_statements": 198, "percent_covered": 10.714285714285714, "percent_covered_display": "11", "missing_lines": 171, "excluded_lines": 12, "percent_statements_covered": 13.636363636363637, "percent_statements_covered_display": "14", "num_branches": 54, "num_partial_branches": 0, "covered_branches": 0, "missing_branches": 54, "percent_branches_covered": 0.0, "percent_branches_covered_display": "0"}, "missing_lines": [37, 38, 39, 40, 42, 43, 45, 46, 48, 49, 50, 58, 59, 62, 64, 65, 66, 67, 68, 71, 72, 73, 74, 80, 81, 82, 83, 89, 101, 102, 116, 117, 118, 119, 120, 121, 122, 123, 124, 125, 126, 128, 130, 135, 138, 139, 140, 141, 142, 143, 144, 151, 152, 156, 158, 159, 160, 166, 173, 179, 189, 195, 202, 213, 219, 230, 231, 232, 234, 235, 248, 249, 251, 252, 253, 254, 255, 256, 258, 259, 260, 262, 263, 264, 266, 268, 272, 273, 274, 278, 279, 281, 282, 285, 287, 288, 292, 293, 295, 296, 297, 298, 299, 300, 301, 305, 306, 307, 308, 309, 310, 311, 313, 314, 315, 316, 317, 318, 319, 323, 324, 325, 332, 338, 344, 350, 360, 361, 371, 377, 383, 390, 391, 401, 404, 415, 421, 427, 428, 429, 430, 432, 435, 441, 442, 448, 452, 456, 457, 458, 464, 471, 477, 478, 479, 480, 482, 483, 484, 488, 498, 499, 501, 502, 503, 504, 505, 506, 507, 508, 510], "excluded_lines": [20, 51, 52, 75, 76, 77, 84, 85, 86, 284, 513, 514], "executed_branches": [], "missing_branches": [[49, -36], [49, 50], [58, 59], [58, 64], [101, 102], [101, 116], [117, 118], [117, 128], [128, 130], [128, 138], [143, 144], [143, 152], [231, 232], [231, 234], [248, 249], [248, 252], [255, 256], [255, 259], [259, 260], [259, 263], [263, 264], [263, 268], [278, 279], [278, 281], [281, 282], [281, 287], [292, 293], [292, 295], [299, 300], [299, 301], [307, 308], [307, 310], [313, 314], [313, 319], [316, 317], [316, 318], [360, 361], [360, 390], [428, 429], [428, 430], [430, 432], [430, 435], [441, 442], [441, 452], [478, 479], [478, 482], [498, 499], [498, 501], [503, 504], [503, 505], [505, 506], [505, 507], [507, 508], [507, 510]], "functions": {"configure_readline": {"executed_lines": [], "summary": {"covered_lines": 0, "num_statements": 10, "percent_covered": 0.0, "percent_covered_display": "0", "missing_lines": 10, "excluded_lines": 2, "percent_statements_covered": 0.0, "percent_statements_covered_display": "0", "num_branches": 2, "num_partial_branches": 0, "covered_branches": 0, "missing_branches": 2, "percent_branches_covered": 0.0, "percent_branches_covered_display": "0"}, "missing_lines": [37, 38, 39, 40, 42, 43, 45, 48, 49, 50], "excluded_lines": [51, 52], "start_line": 36, "executed_branches": [], "missing_branches": [[49, -36], [49, 50]]}, "configure_readline.save_history": {"executed_lines": [], "summary": {"covered_lines": 0, "num_statements": 1, "percent_covered": 0.0, "percent_covered_display": "0", "missing_lines": 1, "excluded_lines": 0, "percent_statements_covered": 0.0, "percent_statements_covered_display": "0", "num_branches": 0, "num_partial_branches": 0, "covered_branches": 0, "missing_branches": 0, "percent_branches_covered": 100.0, "percent_branches_covered_display": "100"}, "missing_lines": [46], "excluded_lines": [], "start_line": 45, "executed_branches": [], "missing_branches": []}, "interactive_client": {"executed_lines": [], "summary": {"covered_lines": 0, "num_statements": 42, "percent_covered": 0.0, "percent_covered_display": "0", "missing_lines": 42, "excluded_lines": 6, "percent_statements_covered": 0.0, "percent_statements_covered_display": "0", "num_branches": 10, "num_partial_branches": 0, "covered_branches": 0, "missing_branches": 10, "percent_branches_covered": 0.0, "percent_branches_covered_display": "0"}, "missing_lines": [58, 59, 62, 64, 65, 66, 67, 68, 71, 72, 73, 74, 80, 81, 82, 83, 89, 101, 102, 116, 117, 118, 119, 120, 121, 122, 123, 124, 125, 126, 128, 130, 135, 138, 139, 140, 141, 142, 143, 144, 151, 152], "excluded_lines": [75, 76, 77, 84, 85, 86], "start_line": 55, "executed_branches": [], "missing_branches": [[58, 59], [58, 64], [101, 102], [101, 116], [117, 118], [117, 128], [128, 130], [128, 138], [143, 144], [143, 152]]}, "client_main": {"executed_lines": [], "summary": {"covered_lines": 0, "num_statements": 17, "percent_covered": 0.0, "percent_covered_display": "0", "missing_lines": 17, "excluded_lines": 0, "percent_statements_covered": 0.0, "percent_statements_covered_display": "0", "num_branches": 2, "num_partial_branches": 0, "covered_branches": 0, "missing_branches": 2, "percent_branches_covered": 0.0, "percent_branches_covered_display": "0"}, "missing_lines": [156, 158, 159, 160, 166, 173, 179, 189, 195, 202, 213, 219, 230, 231, 232, 234, 235], "excluded_lines": [], "start_line": 155, "executed_branches": [], "missing_branches": [[231, 232], [231, 234]]}, "get_storage_class": {"executed_lines": [], "summary": {"covered_lines": 0, "num_statements": 16, "percent_covered": 0.0, "percent_covered_display": "0", "missing_lines": 16, "excluded_lines": 0, "percent_statements_covered": 0.0, "percent_statements_covered_display": "0", "num_branches": 8, "num_partial_branches": 0, "covered_branches": 0, "missing_branches": 8, "percent_branches_covered": 0.0, "percent_branches_covered_display": "0"}, "missing_lines": [248, 249, 251, 252, 253, 254, 255, 256, 258, 259, 260, 262, 263, 264, 266, 268], "excluded_lines": [], "start_line": 246, "executed_branches": [], "missing_branches": [[248, 249], [248, 252], [255, 256], [255, 259], [259, 260], [259, 263], [263, 264], [263, 268]]}, "import_class": {"executed_lines": [], "summary": {"covered_lines": 0, "num_statements": 3, "percent_covered": 0.0, "percent_covered_display": "0", "missing_lines": 3, "excluded_lines": 0, "percent_statements_covered": 0.0, "percent_statements_covered_display": "0", "num_branches": 0, "num_partial_branches": 0, "covered_branches": 0, "missing_branches": 0, "percent_branches_covered": 100.0, "percent_branches_covered_display": "100"}, "missing_lines": [272, 273, 274], "excluded_lines": [], "start_line": 271, "executed_branches": [], "missing_branches": []}, "get_storage": {"executed_lines": [], "summary": {"covered_lines": 0, "num_statements": 7, "percent_covered": 0.0, "percent_covered_display": "0", "missing_lines": 7, "excluded_lines": 1, "percent_statements_covered": 0.0, "percent_statements_covered_display": "0", "num_branches": 4, "num_partial_branches": 0, "covered_branches": 0, "missing_branches": 4, "percent_branches_covered": 0.0, "percent_branches_covered_display": "0"}, "missing_lines": [278, 279, 281, 282, 285, 287, 288], "excluded_lines": [284], "start_line": 277, "executed_branches": [], "missing_branches": [[278, 279], [278, 281], [281, 282], [281, 287]]}, "start_durus": {"executed_lines": [], "summary": {"covered_lines": 0, "num_statements": 9, "percent_covered": 0.0, "percent_covered_display": "0", "missing_lines": 9, "excluded_lines": 0, "percent_statements_covered": 0.0, "percent_statements_covered_display": "0", "num_branches": 4, "num_partial_branches": 0, "covered_branches": 0, "missing_branches": 4, "percent_branches_covered": 0.0, "percent_branches_covered_display": "0"}, "missing_lines": [292, 293, 295, 296, 297, 298, 299, 300, 301], "excluded_lines": [], "start_line": 291, "executed_branches": [], "missing_branches": [[292, 293], [292, 295], [299, 300], [299, 301]]}, "stop_durus": {"executed_lines": [], "summary": {"covered_lines": 0, "num_statements": 14, "percent_covered": 0.0, "percent_covered_display": "0", "missing_lines": 14, "excluded_lines": 0, "percent_statements_covered": 0.0, "percent_statements_covered_display": "0", "num_branches": 6, "num_partial_branches": 0, "covered_branches": 0, "missing_branches": 6, "percent_branches_covered": 0.0, "percent_branches_covered_display": "0"}, "missing_lines": [305, 306, 307, 308, 309, 310, 311, 313, 314, 315, 316, 317, 318, 319], "excluded_lines": [], "start_line": 304, "executed_branches": [], "missing_branches": [[307, 308], [307, 310], [313, 314], [313, 319], [316, 317], [316, 318]]}, "run_durus_main": {"executed_lines": [], "summary": {"covered_lines": 0, "num_statements": 28, "percent_covered": 0.0, "percent_covered_display": "0", "missing_lines": 28, "excluded_lines": 0, "percent_statements_covered": 0.0, "percent_statements_covered_display": "0", "num_branches": 8, "num_partial_branches": 0, "covered_branches": 0, "missing_branches": 8, "percent_branches_covered": 0.0, "percent_branches_covered_display": "0"}, "missing_lines": [323, 324, 325, 332, 338, 344, 350, 360, 361, 371, 377, 383, 390, 391, 401, 404, 415, 421, 427, 428, 429, 430, 432, 435, 441, 442, 448, 452], "excluded_lines": [], "start_line": 322, "executed_branches": [], "missing_branches": [[360, 361], [360, 390], [428, 429], [428, 430], [430, 432], [430, 435], [441, 442], [441, 452]]}, "pack_storage_main": {"executed_lines": [], "summary": {"covered_lines": 0, "num_statements": 12, "percent_covered": 0.0, "percent_covered_display": "0", "missing_lines": 12, "excluded_lines": 0, "percent_statements_covered": 0.0, "percent_statements_covered_display": "0", "num_branches": 2, "num_partial_branches": 0, "covered_branches": 0, "missing_branches": 2, "percent_branches_covered": 0.0, "percent_branches_covered_display": "0"}, "missing_lines": [456, 457, 458, 464, 471, 477, 478, 479, 480, 482, 483, 484], "excluded_lines": [], "start_line": 455, "executed_branches": [], "missing_branches": [[478, 479], [478, 482]]}, "usage": {"executed_lines": [], "summary": {"covered_lines": 0, "num_statements": 1, "percent_covered": 0.0, "percent_covered_display": "0", "missing_lines": 1, "excluded_lines": 0, "percent_statements_covered": 0.0, "percent_statements_covered_display": "0", "num_branches": 0, "num_partial_branches": 0, "covered_branches": 0, "missing_branches": 0, "percent_branches_covered": 100.0, "percent_branches_covered_display": "100"}, "missing_lines": [488], "excluded_lines": [], "start_line": 487, "executed_branches": [], "missing_branches": []}, "main": {"executed_lines": [], "summary": {"covered_lines": 0, "num_statements": 11, "percent_covered": 0.0, "percent_covered_display": "0", "missing_lines": 11, "excluded_lines": 0, "percent_statements_covered": 0.0, "percent_statements_covered_display": "0", "num_branches": 8, "num_partial_branches": 0, "covered_branches": 0, "missing_branches": 8, "percent_branches_covered": 0.0, "percent_branches_covered_display": "0"}, "missing_lines": [498, 499, 501, 502, 503, 504, 505, 506, 507, 508, 510], "excluded_lines": [], "start_line": 497, "executed_branches": [], "missing_branches": [[498, 499], [498, 501], [503, 504], [503, 505], [505, 506], [505, 507], [507, 508], [507, 510]]}, "": {"executed_lines": [7, 8, 9, 10, 11, 12, 13, 14, 15, 18, 22, 23, 24, 32, 33, 36, 55, 155, 246, 271, 277, 291, 304, 322, 455, 487, 497], "summary": {"covered_lines": 27, "num_statements": 27, "percent_covered": 100.0, "percent_covered_display": "100", "missing_lines": 0, "excluded_lines": 3, "percent_statements_covered": 100.0, "percent_statements_covered_display": "100", "num_branches": 0, "num_partial_branches": 0, "covered_branches": 0, "missing_branches": 0, "percent_branches_covered": 100.0, "percent_branches_covered_display": "100"}, "missing_lines": [], "excluded_lines": [20, 513, 514], "start_line": 1, "executed_branches": [], "missing_branches": []}}, "classes": {"SecurityWarning": {"executed_lines": [], "summary": {"covered_lines": 0, "num_statements": 0, "percent_covered": 100.0, "percent_covered_display": "100", "missing_lines": 0, "excluded_lines": 0, "percent_statements_covered": 100.0, "percent_statements_covered_display": "100", "num_branches": 0, "num_partial_branches": 0, "covered_branches": 0, "missing_branches": 0, "percent_branches_covered": 100.0, "percent_branches_covered_display": "100"}, "missing_lines": [], "excluded_lines": [], "start_line": 18, "executed_branches": [], "missing_branches": []}, "": {"executed_lines": [7, 8, 9, 10, 11, 12, 13, 14, 15, 18, 22, 23, 24, 32, 33, 36, 55, 155, 246, 271, 277, 291, 304, 322, 455, 487, 497], "summary": {"covered_lines": 27, "num_statements": 198, "percent_covered": 10.714285714285714, "percent_covered_display": "11", "missing_lines": 171, "excluded_lines": 12, "percent_statements_covered": 13.636363636363637, "percent_statements_covered_display": "14", "num_branches": 54, "num_partial_branches": 0, "covered_branches": 0, "missing_branches": 54, "percent_branches_covered": 0.0, "percent_branches_covered_display": "0"}, "missing_lines": [37, 38, 39, 40, 42, 43, 45, 46, 48, 49, 50, 58, 59, 62, 64, 65, 66, 67, 68, 71, 72, 73, 74, 80, 81, 82, 83, 89, 101, 102, 116, 117, 118, 119, 120, 121, 122, 123, 124, 125, 126, 128, 130, 135, 138, 139, 140, 141, 142, 143, 144, 151, 152, 156, 158, 159, 160, 166, 173, 179, 189, 195, 202, 213, 219, 230, 231, 232, 234, 235, 248, 249, 251, 252, 253, 254, 255, 256, 258, 259, 260, 262, 263, 264, 266, 268, 272, 273, 274, 278, 279, 281, 282, 285, 287, 288, 292, 293, 295, 296, 297, 298, 299, 300, 301, 305, 306, 307, 308, 309, 310, 311, 313, 314, 315, 316, 317, 318, 319, 323, 324, 325, 332, 338, 344, 350, 360, 361, 371, 377, 383, 390, 391, 401, 404, 415, 421, 427, 428, 429, 430, 432, 435, 441, 442, 448, 452, 456, 457, 458, 464, 471, 477, 478, 479, 480, 482, 483, 484, 488, 498, 499, 501, 502, 503, 504, 505, 506, 507, 508, 510], "excluded_lines": [20, 51, 52, 75, 76, 77, 84, 85, 86, 284, 513, 514], "start_line": 1, "executed_branches": [], "missing_branches": [[49, -36], [49, 50], [58, 59], [58, 64], [101, 102], [101, 116], [117, 118], [117, 128], [128, 130], [128, 138], [143, 144], [143, 152], [231, 232], [231, 234], [248, 249], [248, 252], [255, 256], [255, 259], [259, 260], [259, 263], [263, 264], [263, 268], [278, 279], [278, 281], [281, 282], [281, 287], [292, 293], [292, 295], [299, 300], [299, 301], [307, 308], [307, 310], [313, 314], [313, 319], [316, 317], [316, 318], [360, 361], [360, 390], [428, 429], [428, 430], [430, 432], [430, 435], [441, 442], [441, 452], [478, 479], [478, 482], [498, 499], [498, 501], [503, 504], [503, 505], [505, 506], [505, 507], [507, 508], [507, 510]]}}}, "dhruva/_compat.py": {"executed_lines": [9, 10, 13, 14, 17, 20, 21, 23, 50, 51, 54, 55, 56, 57], "summary": {"covered_lines": 14, "num_statements": 29, "percent_covered": 36.58536585365854, "percent_covered_display": "37", "missing_lines": 15, "excluded_lines": 0, "percent_statements_covered": 48.275862068965516, "percent_statements_covered_display": "48", "num_branches": 12, "num_partial_branches": 1, "covered_branches": 1, "missing_branches": 11, "percent_branches_covered": 8.333333333333334, "percent_branches_covered_display": "8"}, "missing_lines": [24, 26, 27, 29, 30, 31, 33, 34, 35, 37, 38, 39, 41, 44, 46], "excluded_lines": [], "executed_branches": [[50, 51]], "missing_branches": [[24, 26], [24, 46], [26, 27], [26, 30], [30, 31], [30, 34], [34, 35], [34, 38], [38, 39], [38, 44], [50, 54]], "functions": {"_DurusCompatModule.__init__": {"executed_lines": [21], "summary": {"covered_lines": 1, "num_statements": 1, "percent_covered": 100.0, "percent_covered_display": "100", "missing_lines": 0, "excluded_lines": 0, "percent_statements_covered": 100.0, "percent_statements_covered_display": "100", "num_branches": 0, "num_partial_branches": 0, "covered_branches": 0, "missing_branches": 0, "percent_branches_covered": 100.0, "percent_branches_covered_display": "100"}, "missing_lines": [], "excluded_lines": [], "start_line": 20, "executed_branches": [], "missing_branches": []}, "_DurusCompatModule.__getattr__": {"executed_lines": [], "summary": {"covered_lines": 0, "num_statements": 15, "percent_covered": 0.0, "percent_covered_display": "0", "missing_lines": 15, "excluded_lines": 0, "percent_statements_covered": 0.0, "percent_statements_covered_display": "0", "num_branches": 10, "num_partial_branches": 0, "covered_branches": 0, "missing_branches": 10, "percent_branches_covered": 0.0, "percent_branches_covered_display": "0"}, "missing_lines": [24, 26, 27, 29, 30, 31, 33, 34, 35, 37, 38, 39, 41, 44, 46], "excluded_lines": [], "start_line": 23, "executed_branches": [], "missing_branches": [[24, 26], [24, 46], [26, 27], [26, 30], [30, 31], [30, 34], [34, 35], [34, 38], [38, 39], [38, 44]]}, "": {"executed_lines": [9, 10, 13, 14, 17, 20, 23, 50, 51, 54, 55, 56, 57], "summary": {"covered_lines": 13, "num_statements": 13, "percent_covered": 93.33333333333333, "percent_covered_display": "93", "missing_lines": 0, "excluded_lines": 0, "percent_statements_covered": 100.0, "percent_statements_covered_display": "100", "num_branches": 2, "num_partial_branches": 1, "covered_branches": 1, "missing_branches": 1, "percent_branches_covered": 50.0, "percent_branches_covered_display": "50"}, "missing_lines": [], "excluded_lines": [], "start_line": 1, "executed_branches": [[50, 51]], "missing_branches": [[50, 54]]}}, "classes": {"_DurusCompatModule": {"executed_lines": [21], "summary": {"covered_lines": 1, "num_statements": 16, "percent_covered": 3.8461538461538463, "percent_covered_display": "4", "missing_lines": 15, "excluded_lines": 0, "percent_statements_covered": 6.25, "percent_statements_covered_display": "6", "num_branches": 10, "num_partial_branches": 0, "covered_branches": 0, "missing_branches": 10, "percent_branches_covered": 0.0, "percent_branches_covered_display": "0"}, "missing_lines": [24, 26, 27, 29, 30, 31, 33, 34, 35, 37, 38, 39, 41, 44, 46], "excluded_lines": [], "start_line": 17, "executed_branches": [], "missing_branches": [[24, 26], [24, 46], [26, 27], [26, 30], [30, 31], [30, 34], [34, 35], [34, 38], [38, 39], [38, 44]]}, "": {"executed_lines": [9, 10, 13, 14, 17, 20, 23, 50, 51, 54, 55, 56, 57], "summary": {"covered_lines": 13, "num_statements": 13, "percent_covered": 93.33333333333333, "percent_covered_display": "93", "missing_lines": 0, "excluded_lines": 0, "percent_statements_covered": 100.0, "percent_statements_covered_display": "100", "num_branches": 2, "num_partial_branches": 1, "covered_branches": 1, "missing_branches": 1, "percent_branches_covered": 50.0, "percent_branches_covered_display": "50"}, "missing_lines": [], "excluded_lines": [], "start_line": 1, "executed_branches": [[50, 51]], "missing_branches": [[50, 54]]}}}, "dhruva/backup/catalog.py": {"executed_lines": [], "summary": {"covered_lines": 0, "num_statements": 154, "percent_covered": 0.0, "percent_covered_display": "0", "missing_lines": 154, "excluded_lines": 0, "percent_statements_covered": 0.0, "percent_statements_covered_display": "0", "num_branches": 62, "num_partial_branches": 0, "covered_branches": 0, "missing_branches": 62, "percent_branches_covered": 0.0, "percent_branches_covered_display": "0"}, "missing_lines": [11, 12, 13, 14, 15, 17, 18, 20, 22, 25, 28, 29, 30, 31, 33, 35, 36, 37, 38, 39, 40, 41, 42, 43, 45, 47, 49, 50, 51, 52, 53, 54, 56, 58, 59, 61, 63, 64, 65, 66, 68, 70, 71, 72, 73, 75, 77, 78, 79, 80, 81, 83, 85, 87, 89, 90, 91, 92, 94, 96, 97, 98, 99, 101, 103, 104, 106, 107, 108, 109, 111, 112, 113, 115, 117, 119, 121, 122, 123, 125, 132, 140, 143, 144, 145, 146, 149, 150, 153, 154, 158, 160, 162, 164, 165, 174, 175, 176, 177, 178, 181, 182, 183, 184, 185, 186, 188, 192, 202, 204, 205, 207, 208, 210, 212, 213, 214, 215, 218, 219, 220, 224, 226, 228, 234, 235, 237, 239, 240, 242, 243, 244, 245, 246, 248, 250, 252, 255, 256, 257, 258, 260, 263, 264, 265, 266, 268, 269, 270, 275, 276, 277, 278, 282], "excluded_lines": [], "executed_branches": [], "missing_branches": [[35, 36], [35, 45], [63, 64], [63, 66], [71, 72], [71, 73], [77, 78], [77, 81], [90, 91], [90, 92], [97, 98], [97, 99], [106, 107], [106, 117], [108, 109], [108, 111], [111, 112], [111, 115], [122, 123], [122, 125], [143, 144], [143, 145], [145, 146], [145, 149], [149, 150], [149, 153], [153, 154], [153, 158], [164, 165], [164, 174], [176, 177], [176, 181], [183, 184], [183, 188], [185, 183], [185, 186], [207, 208], [207, 224], [210, 207], [210, 212], [213, 214], [213, 218], [218, 207], [218, 219], [243, 244], [243, 248], [256, 257], [256, 263], [257, 258], [257, 260], [263, 264], [263, 275], [264, 263], [264, 265], [265, 266], [265, 268], [269, 263], [269, 270], [275, 276], [275, 282], [277, 275], [277, 278]], "functions": {"BackupCatalog.__init__": {"executed_lines": [], "summary": {"covered_lines": 0, "num_statements": 3, "percent_covered": 0.0, "percent_covered_display": "0", "missing_lines": 3, "excluded_lines": 0, "percent_statements_covered": 0.0, "percent_statements_covered_display": "0", "num_branches": 0, "num_partial_branches": 0, "covered_branches": 0, "missing_branches": 0, "percent_branches_covered": 100.0, "percent_branches_covered_display": "100"}, "missing_lines": [29, 30, 31], "excluded_lines": [], "start_line": 28, "executed_branches": [], "missing_branches": []}, "BackupCatalog._load_catalog": {"executed_lines": [], "summary": {"covered_lines": 0, "num_statements": 10, "percent_covered": 0.0, "percent_covered_display": "0", "missing_lines": 10, "excluded_lines": 0, "percent_statements_covered": 0.0, "percent_statements_covered_display": "0", "num_branches": 2, "num_partial_branches": 0, "covered_branches": 0, "missing_branches": 2, "percent_branches_covered": 0.0, "percent_branches_covered_display": "0"}, "missing_lines": [35, 36, 37, 38, 39, 40, 41, 42, 43, 45], "excluded_lines": [], "start_line": 33, "executed_branches": [], "missing_branches": [[35, 36], [35, 45]]}, "BackupCatalog._save_catalog": {"executed_lines": [], "summary": {"covered_lines": 0, "num_statements": 6, "percent_covered": 0.0, "percent_covered_display": "0", "missing_lines": 6, "excluded_lines": 0, "percent_statements_covered": 0.0, "percent_statements_covered_display": "0", "num_branches": 0, "num_partial_branches": 0, "covered_branches": 0, "missing_branches": 0, "percent_branches_covered": 100.0, "percent_branches_covered_display": "100"}, "missing_lines": [49, 50, 51, 52, 53, 54], "excluded_lines": [], "start_line": 47, "executed_branches": [], "missing_branches": []}, "BackupCatalog.add_backup": {"executed_lines": [], "summary": {"covered_lines": 0, "num_statements": 2, "percent_covered": 0.0, "percent_covered_display": "0", "missing_lines": 2, "excluded_lines": 0, "percent_statements_covered": 0.0, "percent_statements_covered_display": "0", "num_branches": 0, "num_partial_branches": 0, "covered_branches": 0, "missing_branches": 0, "percent_branches_covered": 100.0, "percent_branches_covered_display": "100"}, "missing_lines": [58, 59], "excluded_lines": [], "start_line": 56, "executed_branches": [], "missing_branches": []}, "BackupCatalog.get_backup": {"executed_lines": [], "summary": {"covered_lines": 0, "num_statements": 4, "percent_covered": 0.0, "percent_covered_display": "0", "missing_lines": 4, "excluded_lines": 0, "percent_statements_covered": 0.0, "percent_statements_covered_display": "0", "num_branches": 2, "num_partial_branches": 0, "covered_branches": 0, "missing_branches": 2, "percent_branches_covered": 0.0, "percent_branches_covered_display": "0"}, "missing_lines": [63, 64, 65, 66], "excluded_lines": [], "start_line": 61, "executed_branches": [], "missing_branches": [[63, 64], [63, 66]]}, "BackupCatalog.get_all_backups": {"executed_lines": [], "summary": {"covered_lines": 0, "num_statements": 4, "percent_covered": 0.0, "percent_covered_display": "0", "missing_lines": 4, "excluded_lines": 0, "percent_statements_covered": 0.0, "percent_statements_covered_display": "0", "num_branches": 2, "num_partial_branches": 0, "covered_branches": 0, "missing_branches": 2, "percent_branches_covered": 0.0, "percent_branches_covered_display": "0"}, "missing_lines": [70, 71, 72, 73], "excluded_lines": [], "start_line": 68, "executed_branches": [], "missing_branches": [[71, 72], [71, 73]]}, "BackupCatalog.remove_backup": {"executed_lines": [], "summary": {"covered_lines": 0, "num_statements": 5, "percent_covered": 0.0, "percent_covered_display": "0", "missing_lines": 5, "excluded_lines": 0, "percent_statements_covered": 0.0, "percent_statements_covered_display": "0", "num_branches": 2, "num_partial_branches": 0, "covered_branches": 0, "missing_branches": 2, "percent_branches_covered": 0.0, "percent_branches_covered_display": "0"}, "missing_lines": [77, 78, 79, 80, 81], "excluded_lines": [], "start_line": 75, "executed_branches": [], "missing_branches": [[77, 78], [77, 81]]}, "BackupCatalog.get_backups_by_type": {"executed_lines": [], "summary": {"covered_lines": 0, "num_statements": 1, "percent_covered": 0.0, "percent_covered_display": "0", "missing_lines": 1, "excluded_lines": 0, "percent_statements_covered": 0.0, "percent_statements_covered_display": "0", "num_branches": 0, "num_partial_branches": 0, "covered_branches": 0, "missing_branches": 0, "percent_branches_covered": 100.0, "percent_branches_covered_display": "100"}, "missing_lines": [85], "excluded_lines": [], "start_line": 83, "executed_branches": [], "missing_branches": []}, "BackupCatalog.get_last_backup": {"executed_lines": [], "summary": {"covered_lines": 0, "num_statements": 4, "percent_covered": 0.0, "percent_covered_display": "0", "missing_lines": 4, "excluded_lines": 0, "percent_statements_covered": 0.0, "percent_statements_covered_display": "0", "num_branches": 2, "num_partial_branches": 0, "covered_branches": 0, "missing_branches": 2, "percent_branches_covered": 0.0, "percent_branches_covered_display": "0"}, "missing_lines": [89, 90, 91, 92], "excluded_lines": [], "start_line": 87, "executed_branches": [], "missing_branches": [[90, 91], [90, 92]]}, "BackupCatalog.get_last_backup_of_type": {"executed_lines": [], "summary": {"covered_lines": 0, "num_statements": 4, "percent_covered": 0.0, "percent_covered_display": "0", "missing_lines": 4, "excluded_lines": 0, "percent_statements_covered": 0.0, "percent_statements_covered_display": "0", "num_branches": 2, "num_partial_branches": 0, "covered_branches": 0, "missing_branches": 2, "percent_branches_covered": 0.0, "percent_branches_covered_display": "0"}, "missing_lines": [96, 97, 98, 99], "excluded_lines": [], "start_line": 94, "executed_branches": [], "missing_branches": [[97, 98], [97, 99]]}, "BackupCatalog.get_incremental_chain": {"executed_lines": [], "summary": {"covered_lines": 0, "num_statements": 11, "percent_covered": 0.0, "percent_covered_display": "0", "missing_lines": 11, "excluded_lines": 0, "percent_statements_covered": 0.0, "percent_statements_covered_display": "0", "num_branches": 6, "num_partial_branches": 0, "covered_branches": 0, "missing_branches": 6, "percent_branches_covered": 0.0, "percent_branches_covered_display": "0"}, "missing_lines": [103, 104, 106, 107, 108, 109, 111, 112, 113, 115, 117], "excluded_lines": [], "start_line": 101, "executed_branches": [], "missing_branches": [[106, 107], [106, 117], [108, 109], [108, 111], [111, 112], [111, 115]]}, "BackupCatalog.get_differential_backups": {"executed_lines": [], "summary": {"covered_lines": 0, "num_statements": 4, "percent_covered": 0.0, "percent_covered_display": "0", "missing_lines": 4, "excluded_lines": 0, "percent_statements_covered": 0.0, "percent_statements_covered_display": "0", "num_branches": 2, "num_partial_branches": 0, "covered_branches": 0, "missing_branches": 2, "percent_branches_covered": 0.0, "percent_branches_covered_display": "0"}, "missing_lines": [121, 122, 123, 125], "excluded_lines": [], "start_line": 119, "executed_branches": [], "missing_branches": [[122, 123], [122, 125]]}, "BackupCatalog.search_backups": {"executed_lines": [], "summary": {"covered_lines": 0, "num_statements": 10, "percent_covered": 0.0, "percent_covered_display": "0", "missing_lines": 10, "excluded_lines": 0, "percent_statements_covered": 0.0, "percent_statements_covered_display": "0", "num_branches": 8, "num_partial_branches": 0, "covered_branches": 0, "missing_branches": 8, "percent_branches_covered": 0.0, "percent_branches_covered_display": "0"}, "missing_lines": [140, 143, 144, 145, 146, 149, 150, 153, 154, 158], "excluded_lines": [], "start_line": 132, "executed_branches": [], "missing_branches": [[143, 144], [143, 145], [145, 146], [145, 149], [149, 150], [149, 153], [153, 154], [153, 158]]}, "BackupCatalog.get_backup_statistics": {"executed_lines": [], "summary": {"covered_lines": 0, "num_statements": 16, "percent_covered": 0.0, "percent_covered_display": "0", "missing_lines": 16, "excluded_lines": 0, "percent_statements_covered": 0.0, "percent_statements_covered_display": "0", "num_branches": 8, "num_partial_branches": 0, "covered_branches": 0, "missing_branches": 8, "percent_branches_covered": 0.0, "percent_branches_covered_display": "0"}, "missing_lines": [162, 164, 165, 174, 175, 176, 177, 178, 181, 182, 183, 184, 185, 186, 188, 192], "excluded_lines": [], "start_line": 160, "executed_branches": [], "missing_branches": [[164, 165], [164, 174], [176, 177], [176, 181], [183, 184], [183, 188], [185, 183], [185, 186]]}, "BackupCatalog.cleanup_expired_backups": {"executed_lines": [], "summary": {"covered_lines": 0, "num_statements": 13, "percent_covered": 0.0, "percent_covered_display": "0", "missing_lines": 13, "excluded_lines": 0, "percent_statements_covered": 0.0, "percent_statements_covered_display": "0", "num_branches": 8, "num_partial_branches": 0, "covered_branches": 0, "missing_branches": 8, "percent_branches_covered": 0.0, "percent_branches_covered_display": "0"}, "missing_lines": [204, 205, 207, 208, 210, 212, 213, 214, 215, 218, 219, 220, 224], "excluded_lines": [], "start_line": 202, "executed_branches": [], "missing_branches": [[207, 208], [207, 224], [210, 207], [210, 212], [213, 214], [213, 218], [218, 207], [218, 219]]}, "BackupCatalog.export_catalog": {"executed_lines": [], "summary": {"covered_lines": 0, "num_statements": 3, "percent_covered": 0.0, "percent_covered_display": "0", "missing_lines": 3, "excluded_lines": 0, "percent_statements_covered": 0.0, "percent_statements_covered_display": "0", "num_branches": 0, "num_partial_branches": 0, "covered_branches": 0, "missing_branches": 0, "percent_branches_covered": 100.0, "percent_branches_covered_display": "100"}, "missing_lines": [228, 234, 235], "excluded_lines": [], "start_line": 226, "executed_branches": [], "missing_branches": []}, "BackupCatalog.import_catalog": {"executed_lines": [], "summary": {"covered_lines": 0, "num_statements": 8, "percent_covered": 0.0, "percent_covered_display": "0", "missing_lines": 8, "excluded_lines": 0, "percent_statements_covered": 0.0, "percent_statements_covered_display": "0", "num_branches": 2, "num_partial_branches": 0, "covered_branches": 0, "missing_branches": 2, "percent_branches_covered": 0.0, "percent_branches_covered_display": "0"}, "missing_lines": [239, 240, 242, 243, 244, 245, 246, 248], "excluded_lines": [], "start_line": 237, "executed_branches": [], "missing_branches": [[243, 244], [243, 248]]}, "BackupCatalog.validate_catalog_integrity": {"executed_lines": [], "summary": {"covered_lines": 0, "num_statements": 18, "percent_covered": 0.0, "percent_covered_display": "0", "missing_lines": 18, "excluded_lines": 0, "percent_statements_covered": 0.0, "percent_statements_covered_display": "0", "num_branches": 16, "num_partial_branches": 0, "covered_branches": 0, "missing_branches": 16, "percent_branches_covered": 0.0, "percent_branches_covered_display": "0"}, "missing_lines": [252, 255, 256, 257, 258, 260, 263, 264, 265, 266, 268, 269, 270, 275, 276, 277, 278, 282], "excluded_lines": [], "start_line": 250, "executed_branches": [], "missing_branches": [[256, 257], [256, 263], [257, 258], [257, 260], [263, 264], [263, 275], [264, 263], [264, 265], [265, 266], [265, 268], [269, 263], [269, 270], [275, 276], [275, 282], [277, 275], [277, 278]]}, "": {"executed_lines": [], "summary": {"covered_lines": 0, "num_statements": 28, "percent_covered": 0.0, "percent_covered_display": "0", "missing_lines": 28, "excluded_lines": 0, "percent_statements_covered": 0.0, "percent_statements_covered_display": "0", "num_branches": 0, "num_partial_branches": 0, "covered_branches": 0, "missing_branches": 0, "percent_branches_covered": 100.0, "percent_branches_covered_display": "100"}, "missing_lines": [11, 12, 13, 14, 15, 17, 18, 20, 22, 25, 28, 33, 47, 56, 61, 68, 75, 83, 87, 94, 101, 119, 132, 160, 202, 226, 237, 250], "excluded_lines": [], "start_line": 1, "executed_branches": [], "missing_branches": []}}, "classes": {"BackupCatalog": {"executed_lines": [], "summary": {"covered_lines": 0, "num_statements": 126, "percent_covered": 0.0, "percent_covered_display": "0", "missing_lines": 126, "excluded_lines": 0, "percent_statements_covered": 0.0, "percent_statements_covered_display": "0", "num_branches": 62, "num_partial_branches": 0, "covered_branches": 0, "missing_branches": 62, "percent_branches_covered": 0.0, "percent_branches_covered_display": "0"}, "missing_lines": [29, 30, 31, 35, 36, 37, 38, 39, 40, 41, 42, 43, 45, 49, 50, 51, 52, 53, 54, 58, 59, 63, 64, 65, 66, 70, 71, 72, 73, 77, 78, 79, 80, 81, 85, 89, 90, 91, 92, 96, 97, 98, 99, 103, 104, 106, 107, 108, 109, 111, 112, 113, 115, 117, 121, 122, 123, 125, 140, 143, 144, 145, 146, 149, 150, 153, 154, 158, 162, 164, 165, 174, 175, 176, 177, 178, 181, 182, 183, 184, 185, 186, 188, 192, 204, 205, 207, 208, 210, 212, 213, 214, 215, 218, 219, 220, 224, 228, 234, 235, 239, 240, 242, 243, 244, 245, 246, 248, 252, 255, 256, 257, 258, 260, 263, 264, 265, 266, 268, 269, 270, 275, 276, 277, 278, 282], "excluded_lines": [], "start_line": 25, "executed_branches": [], "missing_branches": [[35, 36], [35, 45], [63, 64], [63, 66], [71, 72], [71, 73], [77, 78], [77, 81], [90, 91], [90, 92], [97, 98], [97, 99], [106, 107], [106, 117], [108, 109], [108, 111], [111, 112], [111, 115], [122, 123], [122, 125], [143, 144], [143, 145], [145, 146], [145, 149], [149, 150], [149, 153], [153, 154], [153, 158], [164, 165], [164, 174], [176, 177], [176, 181], [183, 184], [183, 188], [185, 183], [185, 186], [207, 208], [207, 224], [210, 207], [210, 212], [213, 214], [213, 218], [218, 207], [218, 219], [243, 244], [243, 248], [256, 257], [256, 263], [257, 258], [257, 260], [263, 264], [263, 275], [264, 263], [264, 265], [265, 266], [265, 268], [269, 263], [269, 270], [275, 276], [275, 282], [277, 275], [277, 278]]}, "": {"executed_lines": [], "summary": {"covered_lines": 0, "num_statements": 28, "percent_covered": 0.0, "percent_covered_display": "0", "missing_lines": 28, "excluded_lines": 0, "percent_statements_covered": 0.0, "percent_statements_covered_display": "0", "num_branches": 0, "num_partial_branches": 0, "covered_branches": 0, "missing_branches": 0, "percent_branches_covered": 100.0, "percent_branches_covered_display": "100"}, "missing_lines": [11, 12, 13, 14, 15, 17, 18, 20, 22, 25, 28, 33, 47, 56, 61, 68, 75, 83, 87, 94, 101, 119, 132, 160, 202, 226, 237, 250], "excluded_lines": [], "start_line": 1, "executed_branches": [], "missing_branches": []}}}, "dhruva/backup/cli.py": {"executed_lines": [], "summary": {"covered_lines": 0, "num_statements": 303, "percent_covered": 0.0, "percent_covered_display": "0", "missing_lines": 303, "excluded_lines": 6, "percent_statements_covered": 0.0, "percent_statements_covered_display": "0", "num_branches": 86, "num_partial_branches": 0, "covered_branches": 0, "missing_branches": 86, "percent_branches_covered": 0.0, "percent_branches_covered_display": "0"}, "missing_lines": [13, 14, 15, 16, 17, 18, 20, 21, 22, 23, 24, 27, 30, 33, 35, 47, 50, 51, 52, 55, 61, 68, 71, 72, 73, 78, 81, 86, 87, 88, 91, 92, 95, 100, 101, 102, 107, 108, 111, 116, 117, 122, 123, 126, 127, 132, 133, 136, 137, 142, 143, 149, 152, 153, 154, 157, 158, 161, 164, 165, 171, 174, 175, 178, 179, 185, 188, 194, 195, 196, 199, 200, 206, 207, 211, 214, 216, 218, 220, 221, 223, 224, 226, 227, 228, 231, 233, 234, 237, 238, 239, 241, 244, 246, 247, 249, 252, 253, 254, 257, 260, 261, 262, 264, 265, 266, 268, 269, 272, 273, 281, 282, 283, 284, 285, 286, 287, 290, 291, 292, 293, 297, 298, 299, 301, 302, 304, 305, 306, 307, 310, 312, 313, 316, 319, 320, 321, 322, 325, 331, 333, 334, 335, 336, 337, 338, 339, 340, 341, 342, 345, 346, 347, 348, 349, 350, 352, 355, 356, 357, 358, 360, 362, 364, 365, 366, 369, 371, 372, 375, 376, 377, 379, 384, 385, 387, 388, 391, 392, 393, 395, 396, 398, 399, 400, 405, 407, 408, 409, 412, 414, 415, 417, 418, 423, 425, 427, 428, 429, 430, 431, 432, 433, 434, 437, 438, 439, 440, 444, 445, 447, 449, 457, 459, 463, 464, 468, 469, 471, 473, 477, 478, 479, 482, 484, 485, 486, 487, 489, 490, 491, 492, 494, 495, 496, 497, 499, 500, 501, 502, 505, 507, 508, 510, 511, 512, 513, 514, 516, 517, 518, 522, 523, 524, 525, 526, 528, 529, 530, 532, 533, 534, 535, 536, 537, 539, 541, 542, 543, 545, 546, 547, 549, 551, 552, 553, 556, 558, 559, 560, 563, 565, 566, 568, 569, 570, 571, 572, 574, 575, 577, 580, 582, 583, 585, 586, 587, 590, 601, 602, 603, 605, 606], "excluded_lines": [443, 450, 460, 475, 609, 610], "executed_branches": [], "missing_branches": [[246, 247], [246, 249], [252, 253], [252, 257], [261, 262], [261, 272], [264, 265], [264, 268], [282, 283], [282, 284], [284, 285], [284, 290], [290, 291], [290, 297], [312, 313], [312, 316], [320, 321], [320, 325], [333, 334], [333, 340], [336, 337], [336, 339], [340, 341], [340, 345], [347, 348], [347, 350], [355, 356], [355, 362], [357, 358], [357, 360], [376, 377], [376, 379], [384, 385], [384, 391], [391, 392], [391, 395], [398, 399], [398, 405], [414, 415], [414, 417], [427, 428], [427, 433], [429, 430], [429, 432], [433, 434], [433, 437], [444, 445], [444, 463], [484, 485], [484, 499], [499, -482], [499, 500], [510, 511], [510, 522], [512, 513], [512, 516], [517, 518], [517, 549], [522, 523], [522, 528], [525, 526], [525, 549], [528, 529], [528, 532], [532, 533], [532, 541], [534, 535], [534, 539], [536, 537], [536, 549], [541, 542], [541, 545], [545, 546], [545, 549], [565, 566], [565, 568], [568, 569], [568, 574], [569, 570], [569, 572], [574, 575], [574, 577], [585, 586], [585, 590], [602, 603], [602, 605]], "functions": {"setup_parser": {"executed_lines": [], "summary": {"covered_lines": 0, "num_statements": 61, "percent_covered": 0.0, "percent_covered_display": "0", "missing_lines": 61, "excluded_lines": 0, "percent_statements_covered": 0.0, "percent_statements_covered_display": "0", "num_branches": 0, "num_partial_branches": 0, "covered_branches": 0, "missing_branches": 0, "percent_branches_covered": 100.0, "percent_branches_covered_display": "100"}, "missing_lines": [35, 47, 50, 51, 52, 55, 61, 68, 71, 72, 73, 78, 81, 86, 87, 88, 91, 92, 95, 100, 101, 102, 107, 108, 111, 116, 117, 122, 123, 126, 127, 132, 133, 136, 137, 142, 143, 149, 152, 153, 154, 157, 158, 161, 164, 165, 171, 174, 175, 178, 179, 185, 188, 194, 195, 196, 199, 200, 206, 207, 211], "excluded_lines": [], "start_line": 33, "executed_branches": [], "missing_branches": []}, "generate_encryption_key": {"executed_lines": [], "summary": {"covered_lines": 0, "num_statements": 9, "percent_covered": 0.0, "percent_covered_display": "0", "missing_lines": 9, "excluded_lines": 0, "percent_statements_covered": 0.0, "percent_statements_covered_display": "0", "num_branches": 0, "num_partial_branches": 0, "covered_branches": 0, "missing_branches": 0, "percent_branches_covered": 100.0, "percent_branches_covered_display": "100"}, "missing_lines": [216, 218, 220, 221, 223, 224, 226, 227, 228], "excluded_lines": [], "start_line": 214, "executed_branches": [], "missing_branches": []}, "init_backup_directory": {"executed_lines": [], "summary": {"covered_lines": 0, "num_statements": 6, "percent_covered": 0.0, "percent_covered_display": "0", "missing_lines": 6, "excluded_lines": 0, "percent_statements_covered": 0.0, "percent_statements_covered_display": "0", "num_branches": 0, "num_partial_branches": 0, "covered_branches": 0, "missing_branches": 0, "percent_branches_covered": 100.0, "percent_branches_covered_display": "100"}, "missing_lines": [233, 234, 237, 238, 239, 241], "excluded_lines": [], "start_line": 231, "executed_branches": [], "missing_branches": []}, "cmd_backup": {"executed_lines": [], "summary": {"covered_lines": 0, "num_statements": 37, "percent_covered": 0.0, "percent_covered_display": "0", "missing_lines": 37, "excluded_lines": 0, "percent_statements_covered": 0.0, "percent_statements_covered_display": "0", "num_branches": 14, "num_partial_branches": 0, "covered_branches": 0, "missing_branches": 14, "percent_branches_covered": 0.0, "percent_branches_covered_display": "0"}, "missing_lines": [246, 247, 249, 252, 253, 254, 257, 260, 261, 262, 264, 265, 266, 268, 269, 272, 273, 281, 282, 283, 284, 285, 286, 287, 290, 291, 292, 293, 297, 298, 299, 301, 302, 304, 305, 306, 307], "excluded_lines": [], "start_line": 244, "executed_branches": [], "missing_branches": [[246, 247], [246, 249], [252, 253], [252, 257], [261, 262], [261, 272], [264, 265], [264, 268], [282, 283], [282, 284], [284, 285], [284, 290], [290, 291], [290, 297]]}, "cmd_restore": {"executed_lines": [], "summary": {"covered_lines": 0, "num_statements": 35, "percent_covered": 0.0, "percent_covered_display": "0", "missing_lines": 35, "excluded_lines": 0, "percent_statements_covered": 0.0, "percent_statements_covered_display": "0", "num_branches": 16, "num_partial_branches": 0, "covered_branches": 0, "missing_branches": 16, "percent_branches_covered": 0.0, "percent_branches_covered_display": "0"}, "missing_lines": [312, 313, 316, 319, 320, 321, 322, 325, 331, 333, 334, 335, 336, 337, 338, 339, 340, 341, 342, 345, 346, 347, 348, 349, 350, 352, 355, 356, 357, 358, 360, 362, 364, 365, 366], "excluded_lines": [], "start_line": 310, "executed_branches": [], "missing_branches": [[312, 313], [312, 316], [320, 321], [320, 325], [333, 334], [333, 340], [336, 337], [336, 339], [340, 341], [340, 345], [347, 348], [347, 350], [355, 356], [355, 362], [357, 358], [357, 360]]}, "cmd_list": {"executed_lines": [], "summary": {"covered_lines": 0, "num_statements": 22, "percent_covered": 0.0, "percent_covered_display": "0", "missing_lines": 22, "excluded_lines": 0, "percent_statements_covered": 0.0, "percent_statements_covered_display": "0", "num_branches": 8, "num_partial_branches": 0, "covered_branches": 0, "missing_branches": 8, "percent_branches_covered": 0.0, "percent_branches_covered_display": "0"}, "missing_lines": [371, 372, 375, 376, 377, 379, 384, 385, 387, 388, 391, 392, 393, 395, 396, 398, 399, 400, 405, 407, 408, 409], "excluded_lines": [], "start_line": 369, "executed_branches": [], "missing_branches": [[376, 377], [376, 379], [384, 385], [384, 391], [391, 392], [391, 395], [398, 399], [398, 405]]}, "cmd_verify": {"executed_lines": [], "summary": {"covered_lines": 0, "num_statements": 33, "percent_covered": 0.0, "percent_covered_display": "0", "missing_lines": 33, "excluded_lines": 4, "percent_statements_covered": 0.0, "percent_statements_covered_display": "0", "num_branches": 10, "num_partial_branches": 0, "covered_branches": 0, "missing_branches": 10, "percent_branches_covered": 0.0, "percent_branches_covered_display": "0"}, "missing_lines": [414, 415, 417, 418, 423, 425, 427, 428, 429, 430, 431, 432, 433, 434, 437, 438, 439, 440, 444, 445, 447, 449, 457, 459, 463, 464, 468, 469, 471, 473, 477, 478, 479], "excluded_lines": [443, 450, 460, 475], "start_line": 412, "executed_branches": [], "missing_branches": [[414, 415], [414, 417], [427, 428], [427, 433], [429, 430], [429, 432], [433, 434], [433, 437], [444, 445], [444, 463]]}, "cmd_schedule": {"executed_lines": [], "summary": {"covered_lines": 0, "num_statements": 16, "percent_covered": 0.0, "percent_covered_display": "0", "missing_lines": 16, "excluded_lines": 0, "percent_statements_covered": 0.0, "percent_statements_covered_display": "0", "num_branches": 4, "num_partial_branches": 0, "covered_branches": 0, "missing_branches": 4, "percent_branches_covered": 0.0, "percent_branches_covered_display": "0"}, "missing_lines": [484, 485, 486, 487, 489, 490, 491, 492, 494, 495, 496, 497, 499, 500, 501, 502], "excluded_lines": [], "start_line": 482, "executed_branches": [], "missing_branches": [[484, 485], [484, 499], [499, -482], [499, 500]]}, "cmd_catalog": {"executed_lines": [], "summary": {"covered_lines": 0, "num_statements": 35, "percent_covered": 0.0, "percent_covered_display": "0", "missing_lines": 35, "excluded_lines": 0, "percent_statements_covered": 0.0, "percent_statements_covered_display": "0", "num_branches": 22, "num_partial_branches": 0, "covered_branches": 0, "missing_branches": 22, "percent_branches_covered": 0.0, "percent_branches_covered_display": "0"}, "missing_lines": [507, 508, 510, 511, 512, 513, 514, 516, 517, 518, 522, 523, 524, 525, 526, 528, 529, 530, 532, 533, 534, 535, 536, 537, 539, 541, 542, 543, 545, 546, 547, 549, 551, 552, 553], "excluded_lines": [], "start_line": 505, "executed_branches": [], "missing_branches": [[510, 511], [510, 522], [512, 513], [512, 516], [517, 518], [517, 549], [522, 523], [522, 528], [525, 526], [525, 549], [528, 529], [528, 532], [532, 533], [532, 541], [534, 535], [534, 539], [536, 537], [536, 549], [541, 542], [541, 545], [545, 546], [545, 549]]}, "cmd_cloud": {"executed_lines": [], "summary": {"covered_lines": 0, "num_statements": 3, "percent_covered": 0.0, "percent_covered_display": "0", "missing_lines": 3, "excluded_lines": 0, "percent_statements_covered": 0.0, "percent_statements_covered_display": "0", "num_branches": 0, "num_partial_branches": 0, "covered_branches": 0, "missing_branches": 0, "percent_branches_covered": 100.0, "percent_branches_covered_display": "100"}, "missing_lines": [558, 559, 560], "excluded_lines": [], "start_line": 556, "executed_branches": [], "missing_branches": []}, "cmd_config": {"executed_lines": [], "summary": {"covered_lines": 0, "num_statements": 10, "percent_covered": 0.0, "percent_covered_display": "0", "missing_lines": 10, "excluded_lines": 0, "percent_statements_covered": 0.0, "percent_statements_covered_display": "0", "num_branches": 8, "num_partial_branches": 0, "covered_branches": 0, "missing_branches": 8, "percent_branches_covered": 0.0, "percent_branches_covered_display": "0"}, "missing_lines": [565, 566, 568, 569, 570, 571, 572, 574, 575, 577], "excluded_lines": [], "start_line": 563, "executed_branches": [], "missing_branches": [[565, 566], [565, 568], [568, 569], [568, 574], [569, 570], [569, 572], [574, 575], [574, 577]]}, "main": {"executed_lines": [], "summary": {"covered_lines": 0, "num_statements": 11, "percent_covered": 0.0, "percent_covered_display": "0", "missing_lines": 11, "excluded_lines": 0, "percent_statements_covered": 0.0, "percent_statements_covered_display": "0", "num_branches": 4, "num_partial_branches": 0, "covered_branches": 0, "missing_branches": 4, "percent_branches_covered": 0.0, "percent_branches_covered_display": "0"}, "missing_lines": [582, 583, 585, 586, 587, 590, 601, 602, 603, 605, 606], "excluded_lines": [], "start_line": 580, "executed_branches": [], "missing_branches": [[585, 586], [585, 590], [602, 603], [602, 605]]}, "": {"executed_lines": [], "summary": {"covered_lines": 0, "num_statements": 25, "percent_covered": 0.0, "percent_covered_display": "0", "missing_lines": 25, "excluded_lines": 2, "percent_statements_covered": 0.0, "percent_statements_covered_display": "0", "num_branches": 0, "num_partial_branches": 0, "covered_branches": 0, "missing_branches": 0, "percent_branches_covered": 100.0, "percent_branches_covered_display": "100"}, "missing_lines": [13, 14, 15, 16, 17, 18, 20, 21, 22, 23, 24, 27, 30, 33, 214, 231, 244, 310, 369, 412, 482, 505, 556, 563, 580], "excluded_lines": [609, 610], "start_line": 1, "executed_branches": [], "missing_branches": []}}, "classes": {"": {"executed_lines": [], "summary": {"covered_lines": 0, "num_statements": 303, "percent_covered": 0.0, "percent_covered_display": "0", "missing_lines": 303, "excluded_lines": 6, "percent_statements_covered": 0.0, "percent_statements_covered_display": "0", "num_branches": 86, "num_partial_branches": 0, "covered_branches": 0, "missing_branches": 86, "percent_branches_covered": 0.0, "percent_branches_covered_display": "0"}, "missing_lines": [13, 14, 15, 16, 17, 18, 20, 21, 22, 23, 24, 27, 30, 33, 35, 47, 50, 51, 52, 55, 61, 68, 71, 72, 73, 78, 81, 86, 87, 88, 91, 92, 95, 100, 101, 102, 107, 108, 111, 116, 117, 122, 123, 126, 127, 132, 133, 136, 137, 142, 143, 149, 152, 153, 154, 157, 158, 161, 164, 165, 171, 174, 175, 178, 179, 185, 188, 194, 195, 196, 199, 200, 206, 207, 211, 214, 216, 218, 220, 221, 223, 224, 226, 227, 228, 231, 233, 234, 237, 238, 239, 241, 244, 246, 247, 249, 252, 253, 254, 257, 260, 261, 262, 264, 265, 266, 268, 269, 272, 273, 281, 282, 283, 284, 285, 286, 287, 290, 291, 292, 293, 297, 298, 299, 301, 302, 304, 305, 306, 307, 310, 312, 313, 316, 319, 320, 321, 322, 325, 331, 333, 334, 335, 336, 337, 338, 339, 340, 341, 342, 345, 346, 347, 348, 349, 350, 352, 355, 356, 357, 358, 360, 362, 364, 365, 366, 369, 371, 372, 375, 376, 377, 379, 384, 385, 387, 388, 391, 392, 393, 395, 396, 398, 399, 400, 405, 407, 408, 409, 412, 414, 415, 417, 418, 423, 425, 427, 428, 429, 430, 431, 432, 433, 434, 437, 438, 439, 440, 444, 445, 447, 449, 457, 459, 463, 464, 468, 469, 471, 473, 477, 478, 479, 482, 484, 485, 486, 487, 489, 490, 491, 492, 494, 495, 496, 497, 499, 500, 501, 502, 505, 507, 508, 510, 511, 512, 513, 514, 516, 517, 518, 522, 523, 524, 525, 526, 528, 529, 530, 532, 533, 534, 535, 536, 537, 539, 541, 542, 543, 545, 546, 547, 549, 551, 552, 553, 556, 558, 559, 560, 563, 565, 566, 568, 569, 570, 571, 572, 574, 575, 577, 580, 582, 583, 585, 586, 587, 590, 601, 602, 603, 605, 606], "excluded_lines": [443, 450, 460, 475, 609, 610], "start_line": 1, "executed_branches": [], "missing_branches": [[246, 247], [246, 249], [252, 253], [252, 257], [261, 262], [261, 272], [264, 265], [264, 268], [282, 283], [282, 284], [284, 285], [284, 290], [290, 291], [290, 297], [312, 313], [312, 316], [320, 321], [320, 325], [333, 334], [333, 340], [336, 337], [336, 339], [340, 341], [340, 345], [347, 348], [347, 350], [355, 356], [355, 362], [357, 358], [357, 360], [376, 377], [376, 379], [384, 385], [384, 391], [391, 392], [391, 395], [398, 399], [398, 405], [414, 415], [414, 417], [427, 428], [427, 433], [429, 430], [429, 432], [433, 434], [433, 437], [444, 445], [444, 463], [484, 485], [484, 499], [499, -482], [499, 500], [510, 511], [510, 522], [512, 513], [512, 516], [517, 518], [517, 549], [522, 523], [522, 528], [525, 526], [525, 549], [528, 529], [528, 532], [532, 533], [532, 541], [534, 535], [534, 539], [536, 537], [536, 549], [541, 542], [541, 545], [545, 546], [545, 549], [565, 566], [565, 568], [568, 569], [568, 574], [569, 570], [569, 572], [574, 575], [574, 577], [585, 586], [585, 590], [602, 603], [602, 605]]}}}, "dhruva/backup/manager.py": {"executed_lines": [], "summary": {"covered_lines": 0, "num_statements": 213, "percent_covered": 0.0, "percent_covered_display": "0", "missing_lines": 213, "excluded_lines": 3, "percent_statements_covered": 0.0, "percent_statements_covered_display": "0", "num_branches": 34, "num_partial_branches": 0, "covered_branches": 0, "missing_branches": 34, "percent_branches_covered": 0.0, "percent_branches_covered_display": "0"}, "missing_lines": [13, 14, 15, 16, 17, 18, 19, 20, 21, 22, 24, 25, 27, 28, 30, 33, 34, 35, 36, 39, 42, 56, 57, 58, 59, 60, 61, 62, 63, 64, 65, 66, 68, 70, 84, 85, 87, 88, 89, 90, 93, 96, 97, 98, 99, 101, 103, 105, 107, 109, 111, 112, 113, 114, 116, 118, 119, 120, 121, 124, 127, 128, 129, 131, 132, 134, 136, 138, 140, 142, 144, 145, 146, 147, 149, 151, 152, 153, 154, 156, 158, 161, 164, 173, 174, 175, 177, 178, 179, 182, 188, 190, 192, 193, 194, 195, 196, 198, 206, 207, 209, 222, 224, 225, 228, 229, 230, 232, 234, 236, 237, 238, 240, 242, 245, 246, 249, 251, 252, 260, 263, 264, 266, 269, 270, 271, 273, 274, 277, 283, 284, 286, 290, 293, 295, 296, 302, 303, 305, 306, 308, 309, 313, 314, 315, 322, 323, 324, 326, 329, 330, 331, 333, 334, 337, 344, 345, 347, 351, 353, 355, 357, 358, 360, 362, 363, 365, 366, 369, 370, 371, 378, 379, 380, 382, 385, 386, 387, 389, 390, 393, 400, 401, 403, 405, 406, 407, 409, 410, 411, 412, 413, 415, 418, 424, 425, 430, 433, 435, 436, 437, 439, 441, 443, 445, 447, 449, 451, 453, 454, 455, 456, 459], "excluded_lines": [255, 317, 373], "executed_branches": [], "missing_branches": [[128, 129], [128, 131], [194, 195], [194, 196], [263, 264], [263, 266], [270, 271], [270, 273], [302, 303], [302, 305], [305, 306], [305, 308], [323, 324], [323, 326], [330, 331], [330, 333], [357, 358], [357, 360], [362, 363], [362, 365], [379, 380], [379, 382], [386, 387], [386, 389], [405, 406], [405, 409], [411, 412], [411, 415], [447, -439], [447, 449], [451, 447], [451, 453], [454, 455], [454, 459]], "functions": {"BackupMetadata.__init__": {"executed_lines": [], "summary": {"covered_lines": 0, "num_statements": 11, "percent_covered": 0.0, "percent_covered_display": "0", "missing_lines": 11, "excluded_lines": 0, "percent_statements_covered": 0.0, "percent_statements_covered_display": "0", "num_branches": 0, "num_partial_branches": 0, "covered_branches": 0, "missing_branches": 0, "percent_branches_covered": 100.0, "percent_branches_covered_display": "100"}, "missing_lines": [56, 57, 58, 59, 60, 61, 62, 63, 64, 65, 66], "excluded_lines": [], "start_line": 42, "executed_branches": [], "missing_branches": []}, "BackupMetadata.to_dict": {"executed_lines": [], "summary": {"covered_lines": 0, "num_statements": 1, "percent_covered": 0.0, "percent_covered_display": "0", "missing_lines": 1, "excluded_lines": 0, "percent_statements_covered": 0.0, "percent_statements_covered_display": "0", "num_branches": 0, "num_partial_branches": 0, "covered_branches": 0, "missing_branches": 0, "percent_branches_covered": 100.0, "percent_branches_covered_display": "100"}, "missing_lines": [70], "excluded_lines": [], "start_line": 68, "executed_branches": [], "missing_branches": []}, "BackupMetadata.from_dict": {"executed_lines": [], "summary": {"covered_lines": 0, "num_statements": 4, "percent_covered": 0.0, "percent_covered_display": "0", "missing_lines": 4, "excluded_lines": 0, "percent_statements_covered": 0.0, "percent_statements_covered_display": "0", "num_branches": 0, "num_partial_branches": 0, "covered_branches": 0, "missing_branches": 0, "percent_branches_covered": 100.0, "percent_branches_covered_display": "100"}, "missing_lines": [87, 88, 89, 90], "excluded_lines": [], "start_line": 85, "executed_branches": [], "missing_branches": []}, "CompressionEngine.__init__": {"executed_lines": [], "summary": {"covered_lines": 0, "num_statements": 3, "percent_covered": 0.0, "percent_covered_display": "0", "missing_lines": 3, "excluded_lines": 0, "percent_statements_covered": 0.0, "percent_statements_covered_display": "0", "num_branches": 0, "num_partial_branches": 0, "covered_branches": 0, "missing_branches": 0, "percent_branches_covered": 100.0, "percent_branches_covered_display": "100"}, "missing_lines": [97, 98, 99], "excluded_lines": [], "start_line": 96, "executed_branches": [], "missing_branches": []}, "CompressionEngine.compress": {"executed_lines": [], "summary": {"covered_lines": 0, "num_statements": 1, "percent_covered": 0.0, "percent_covered_display": "0", "missing_lines": 1, "excluded_lines": 0, "percent_statements_covered": 0.0, "percent_statements_covered_display": "0", "num_branches": 0, "num_partial_branches": 0, "covered_branches": 0, "missing_branches": 0, "percent_branches_covered": 100.0, "percent_branches_covered_display": "100"}, "missing_lines": [103], "excluded_lines": [], "start_line": 101, "executed_branches": [], "missing_branches": []}, "CompressionEngine.decompress": {"executed_lines": [], "summary": {"covered_lines": 0, "num_statements": 1, "percent_covered": 0.0, "percent_covered_display": "0", "missing_lines": 1, "excluded_lines": 0, "percent_statements_covered": 0.0, "percent_statements_covered_display": "0", "num_branches": 0, "num_partial_branches": 0, "covered_branches": 0, "missing_branches": 0, "percent_branches_covered": 100.0, "percent_branches_covered_display": "100"}, "missing_lines": [107], "excluded_lines": [], "start_line": 105, "executed_branches": [], "missing_branches": []}, "CompressionEngine.compress_file": {"executed_lines": [], "summary": {"covered_lines": 0, "num_statements": 4, "percent_covered": 0.0, "percent_covered_display": "0", "missing_lines": 4, "excluded_lines": 0, "percent_statements_covered": 0.0, "percent_statements_covered_display": "0", "num_branches": 0, "num_partial_branches": 0, "covered_branches": 0, "missing_branches": 0, "percent_branches_covered": 100.0, "percent_branches_covered_display": "100"}, "missing_lines": [111, 112, 113, 114], "excluded_lines": [], "start_line": 109, "executed_branches": [], "missing_branches": []}, "CompressionEngine.decompress_file": {"executed_lines": [], "summary": {"covered_lines": 0, "num_statements": 4, "percent_covered": 0.0, "percent_covered_display": "0", "missing_lines": 4, "excluded_lines": 0, "percent_statements_covered": 0.0, "percent_statements_covered_display": "0", "num_branches": 0, "num_partial_branches": 0, "covered_branches": 0, "missing_branches": 0, "percent_branches_covered": 100.0, "percent_branches_covered_display": "100"}, "missing_lines": [118, 119, 120, 121], "excluded_lines": [], "start_line": 116, "executed_branches": [], "missing_branches": []}, "EncryptionEngine.__init__": {"executed_lines": [], "summary": {"covered_lines": 0, "num_statements": 4, "percent_covered": 0.0, "percent_covered_display": "0", "missing_lines": 4, "excluded_lines": 0, "percent_statements_covered": 0.0, "percent_statements_covered_display": "0", "num_branches": 2, "num_partial_branches": 0, "covered_branches": 0, "missing_branches": 2, "percent_branches_covered": 0.0, "percent_branches_covered_display": "0"}, "missing_lines": [128, 129, 131, 132], "excluded_lines": [], "start_line": 127, "executed_branches": [], "missing_branches": [[128, 129], [128, 131]]}, "EncryptionEngine.encrypt": {"executed_lines": [], "summary": {"covered_lines": 0, "num_statements": 1, "percent_covered": 0.0, "percent_covered_display": "0", "missing_lines": 1, "excluded_lines": 0, "percent_statements_covered": 0.0, "percent_statements_covered_display": "0", "num_branches": 0, "num_partial_branches": 0, "covered_branches": 0, "missing_branches": 0, "percent_branches_covered": 100.0, "percent_branches_covered_display": "100"}, "missing_lines": [136], "excluded_lines": [], "start_line": 134, "executed_branches": [], "missing_branches": []}, "EncryptionEngine.decrypt": {"executed_lines": [], "summary": {"covered_lines": 0, "num_statements": 1, "percent_covered": 0.0, "percent_covered_display": "0", "missing_lines": 1, "excluded_lines": 0, "percent_statements_covered": 0.0, "percent_statements_covered_display": "0", "num_branches": 0, "num_partial_branches": 0, "covered_branches": 0, "missing_branches": 0, "percent_branches_covered": 100.0, "percent_branches_covered_display": "100"}, "missing_lines": [140], "excluded_lines": [], "start_line": 138, "executed_branches": [], "missing_branches": []}, "EncryptionEngine.encrypt_file": {"executed_lines": [], "summary": {"covered_lines": 0, "num_statements": 4, "percent_covered": 0.0, "percent_covered_display": "0", "missing_lines": 4, "excluded_lines": 0, "percent_statements_covered": 0.0, "percent_statements_covered_display": "0", "num_branches": 0, "num_partial_branches": 0, "covered_branches": 0, "missing_branches": 0, "percent_branches_covered": 100.0, "percent_branches_covered_display": "100"}, "missing_lines": [144, 145, 146, 147], "excluded_lines": [], "start_line": 142, "executed_branches": [], "missing_branches": []}, "EncryptionEngine.decrypt_file": {"executed_lines": [], "summary": {"covered_lines": 0, "num_statements": 4, "percent_covered": 0.0, "percent_covered_display": "0", "missing_lines": 4, "excluded_lines": 0, "percent_statements_covered": 0.0, "percent_statements_covered_display": "0", "num_branches": 0, "num_partial_branches": 0, "covered_branches": 0, "missing_branches": 0, "percent_branches_covered": 100.0, "percent_branches_covered_display": "100"}, "missing_lines": [151, 152, 153, 154], "excluded_lines": [], "start_line": 149, "executed_branches": [], "missing_branches": []}, "EncryptionEngine.get_key": {"executed_lines": [], "summary": {"covered_lines": 0, "num_statements": 1, "percent_covered": 0.0, "percent_covered_display": "0", "missing_lines": 1, "excluded_lines": 0, "percent_statements_covered": 0.0, "percent_statements_covered_display": "0", "num_branches": 0, "num_partial_branches": 0, "covered_branches": 0, "missing_branches": 0, "percent_branches_covered": 100.0, "percent_branches_covered_display": "100"}, "missing_lines": [158], "excluded_lines": [], "start_line": 156, "executed_branches": [], "missing_branches": []}, "BackupManager.__init__": {"executed_lines": [], "summary": {"covered_lines": 0, "num_statements": 8, "percent_covered": 0.0, "percent_covered_display": "0", "missing_lines": 8, "excluded_lines": 0, "percent_statements_covered": 0.0, "percent_statements_covered_display": "0", "num_branches": 0, "num_partial_branches": 0, "covered_branches": 0, "missing_branches": 0, "percent_branches_covered": 100.0, "percent_branches_covered_display": "100"}, "missing_lines": [173, 174, 175, 177, 178, 179, 182, 188], "excluded_lines": [], "start_line": 164, "executed_branches": [], "missing_branches": []}, "BackupManager._calculate_checksum": {"executed_lines": [], "summary": {"covered_lines": 0, "num_statements": 5, "percent_covered": 0.0, "percent_covered_display": "0", "missing_lines": 5, "excluded_lines": 0, "percent_statements_covered": 0.0, "percent_statements_covered_display": "0", "num_branches": 2, "num_partial_branches": 0, "covered_branches": 0, "missing_branches": 2, "percent_branches_covered": 0.0, "percent_branches_covered_display": "0"}, "missing_lines": [192, 193, 194, 195, 196], "excluded_lines": [], "start_line": 190, "executed_branches": [], "missing_branches": [[194, 195], [194, 196]]}, "BackupManager._create_backup_metadata": {"executed_lines": [], "summary": {"covered_lines": 0, "num_statements": 3, "percent_covered": 0.0, "percent_covered_display": "0", "missing_lines": 3, "excluded_lines": 0, "percent_statements_covered": 0.0, "percent_statements_covered_display": "0", "num_branches": 0, "num_partial_branches": 0, "covered_branches": 0, "missing_branches": 0, "percent_branches_covered": 100.0, "percent_branches_covered_display": "100"}, "missing_lines": [206, 207, 209], "excluded_lines": [], "start_line": 198, "executed_branches": [], "missing_branches": []}, "BackupManager._compress_backup": {"executed_lines": [], "summary": {"covered_lines": 0, "num_statements": 6, "percent_covered": 0.0, "percent_covered_display": "0", "missing_lines": 6, "excluded_lines": 0, "percent_statements_covered": 0.0, "percent_statements_covered_display": "0", "num_branches": 0, "num_partial_branches": 0, "covered_branches": 0, "missing_branches": 0, "percent_branches_covered": 100.0, "percent_branches_covered_display": "100"}, "missing_lines": [224, 225, 228, 229, 230, 232], "excluded_lines": [], "start_line": 222, "executed_branches": [], "missing_branches": []}, "BackupManager._encrypt_backup": {"executed_lines": [], "summary": {"covered_lines": 0, "num_statements": 3, "percent_covered": 0.0, "percent_covered_display": "0", "missing_lines": 3, "excluded_lines": 0, "percent_statements_covered": 0.0, "percent_statements_covered_display": "0", "num_branches": 0, "num_partial_branches": 0, "covered_branches": 0, "missing_branches": 0, "percent_branches_covered": 100.0, "percent_branches_covered_display": "100"}, "missing_lines": [236, 237, 238], "excluded_lines": [], "start_line": 234, "executed_branches": [], "missing_branches": []}, "BackupManager.perform_full_backup": {"executed_lines": [], "summary": {"covered_lines": 0, "num_statements": 18, "percent_covered": 0.0, "percent_covered_display": "0", "missing_lines": 18, "excluded_lines": 1, "percent_statements_covered": 0.0, "percent_statements_covered_display": "0", "num_branches": 4, "num_partial_branches": 0, "covered_branches": 0, "missing_branches": 4, "percent_branches_covered": 0.0, "percent_branches_covered_display": "0"}, "missing_lines": [242, 245, 246, 249, 251, 252, 260, 263, 264, 266, 269, 270, 271, 273, 274, 277, 283, 284], "excluded_lines": [255], "start_line": 240, "executed_branches": [], "missing_branches": [[263, 264], [263, 266], [270, 271], [270, 273]]}, "BackupManager.perform_incremental_backup": {"executed_lines": [], "summary": {"covered_lines": 0, "num_statements": 25, "percent_covered": 0.0, "percent_covered_display": "0", "missing_lines": 25, "excluded_lines": 1, "percent_statements_covered": 0.0, "percent_statements_covered_display": "0", "num_branches": 8, "num_partial_branches": 0, "covered_branches": 0, "missing_branches": 8, "percent_branches_covered": 0.0, "percent_branches_covered_display": "0"}, "missing_lines": [290, 293, 295, 296, 302, 303, 305, 306, 308, 309, 313, 314, 315, 322, 323, 324, 326, 329, 330, 331, 333, 334, 337, 344, 345], "excluded_lines": [317], "start_line": 286, "executed_branches": [], "missing_branches": [[302, 303], [302, 305], [305, 306], [305, 308], [323, 324], [323, 326], [330, 331], [330, 333]]}, "BackupManager.perform_differential_backup": {"executed_lines": [], "summary": {"covered_lines": 0, "num_statements": 25, "percent_covered": 0.0, "percent_covered_display": "0", "missing_lines": 25, "excluded_lines": 1, "percent_statements_covered": 0.0, "percent_statements_covered_display": "0", "num_branches": 8, "num_partial_branches": 0, "covered_branches": 0, "missing_branches": 8, "percent_branches_covered": 0.0, "percent_branches_covered_display": "0"}, "missing_lines": [351, 353, 355, 357, 358, 360, 362, 363, 365, 366, 369, 370, 371, 378, 379, 380, 382, 385, 386, 387, 389, 390, 393, 400, 401], "excluded_lines": [373], "start_line": 347, "executed_branches": [], "missing_branches": [[357, 358], [357, 360], [362, 363], [362, 365], [379, 380], [379, 382], [386, 387], [386, 389]]}, "BackupManager.upload_to_cloud": {"executed_lines": [], "summary": {"covered_lines": 0, "num_statements": 17, "percent_covered": 0.0, "percent_covered_display": "0", "missing_lines": 17, "excluded_lines": 0, "percent_statements_covered": 0.0, "percent_statements_covered_display": "0", "num_branches": 4, "num_partial_branches": 0, "covered_branches": 0, "missing_branches": 4, "percent_branches_covered": 0.0, "percent_branches_covered_display": "0"}, "missing_lines": [405, 406, 407, 409, 410, 411, 412, 413, 415, 418, 424, 425, 430, 433, 435, 436, 437], "excluded_lines": [], "start_line": 403, "executed_branches": [], "missing_branches": [[405, 406], [405, 409], [411, 412], [411, 415]]}, "BackupManager.cleanup_old_backups": {"executed_lines": [], "summary": {"covered_lines": 0, "num_statements": 11, "percent_covered": 0.0, "percent_covered_display": "0", "missing_lines": 11, "excluded_lines": 0, "percent_statements_covered": 0.0, "percent_statements_covered_display": "0", "num_branches": 6, "num_partial_branches": 0, "covered_branches": 0, "missing_branches": 6, "percent_branches_covered": 0.0, "percent_branches_covered_display": "0"}, "missing_lines": [441, 443, 445, 447, 449, 451, 453, 454, 455, 456, 459], "excluded_lines": [], "start_line": 439, "executed_branches": [], "missing_branches": [[447, -439], [447, 449], [451, 447], [451, 453], [454, 455], [454, 459]]}, "": {"executed_lines": [], "summary": {"covered_lines": 0, "num_statements": 48, "percent_covered": 0.0, "percent_covered_display": "0", "missing_lines": 48, "excluded_lines": 0, "percent_statements_covered": 0.0, "percent_statements_covered_display": "0", "num_branches": 0, "num_partial_branches": 0, "covered_branches": 0, "missing_branches": 0, "percent_branches_covered": 100.0, "percent_branches_covered_display": "100"}, "missing_lines": [13, 14, 15, 16, 17, 18, 19, 20, 21, 22, 24, 25, 27, 28, 30, 33, 34, 35, 36, 39, 42, 68, 84, 85, 93, 96, 101, 105, 109, 116, 124, 127, 134, 138, 142, 149, 156, 161, 164, 190, 198, 222, 234, 240, 286, 347, 403, 439], "excluded_lines": [], "start_line": 1, "executed_branches": [], "missing_branches": []}}, "classes": {"BackupType": {"executed_lines": [], "summary": {"covered_lines": 0, "num_statements": 0, "percent_covered": 100.0, "percent_covered_display": "100", "missing_lines": 0, "excluded_lines": 0, "percent_statements_covered": 100.0, "percent_statements_covered_display": "100", "num_branches": 0, "num_partial_branches": 0, "covered_branches": 0, "missing_branches": 0, "percent_branches_covered": 100.0, "percent_branches_covered_display": "100"}, "missing_lines": [], "excluded_lines": [], "start_line": 33, "executed_branches": [], "missing_branches": []}, "BackupMetadata": {"executed_lines": [], "summary": {"covered_lines": 0, "num_statements": 16, "percent_covered": 0.0, "percent_covered_display": "0", "missing_lines": 16, "excluded_lines": 0, "percent_statements_covered": 0.0, "percent_statements_covered_display": "0", "num_branches": 0, "num_partial_branches": 0, "covered_branches": 0, "missing_branches": 0, "percent_branches_covered": 100.0, "percent_branches_covered_display": "100"}, "missing_lines": [56, 57, 58, 59, 60, 61, 62, 63, 64, 65, 66, 70, 87, 88, 89, 90], "excluded_lines": [], "start_line": 39, "executed_branches": [], "missing_branches": []}, "CompressionEngine": {"executed_lines": [], "summary": {"covered_lines": 0, "num_statements": 13, "percent_covered": 0.0, "percent_covered_display": "0", "missing_lines": 13, "excluded_lines": 0, "percent_statements_covered": 0.0, "percent_statements_covered_display": "0", "num_branches": 0, "num_partial_branches": 0, "covered_branches": 0, "missing_branches": 0, "percent_branches_covered": 100.0, "percent_branches_covered_display": "100"}, "missing_lines": [97, 98, 99, 103, 107, 111, 112, 113, 114, 118, 119, 120, 121], "excluded_lines": [], "start_line": 93, "executed_branches": [], "missing_branches": []}, "EncryptionEngine": {"executed_lines": [], "summary": {"covered_lines": 0, "num_statements": 15, "percent_covered": 0.0, "percent_covered_display": "0", "missing_lines": 15, "excluded_lines": 0, "percent_statements_covered": 0.0, "percent_statements_covered_display": "0", "num_branches": 2, "num_partial_branches": 0, "covered_branches": 0, "missing_branches": 2, "percent_branches_covered": 0.0, "percent_branches_covered_display": "0"}, "missing_lines": [128, 129, 131, 132, 136, 140, 144, 145, 146, 147, 151, 152, 153, 154, 158], "excluded_lines": [], "start_line": 124, "executed_branches": [], "missing_branches": [[128, 129], [128, 131]]}, "BackupManager": {"executed_lines": [], "summary": {"covered_lines": 0, "num_statements": 121, "percent_covered": 0.0, "percent_covered_display": "0", "missing_lines": 121, "excluded_lines": 3, "percent_statements_covered": 0.0, "percent_statements_covered_display": "0", "num_branches": 32, "num_partial_branches": 0, "covered_branches": 0, "missing_branches": 32, "percent_branches_covered": 0.0, "percent_branches_covered_display": "0"}, "missing_lines": [173, 174, 175, 177, 178, 179, 182, 188, 192, 193, 194, 195, 196, 206, 207, 209, 224, 225, 228, 229, 230, 232, 236, 237, 238, 242, 245, 246, 249, 251, 252, 260, 263, 264, 266, 269, 270, 271, 273, 274, 277, 283, 284, 290, 293, 295, 296, 302, 303, 305, 306, 308, 309, 313, 314, 315, 322, 323, 324, 326, 329, 330, 331, 333, 334, 337, 344, 345, 351, 353, 355, 357, 358, 360, 362, 363, 365, 366, 369, 370, 371, 378, 379, 380, 382, 385, 386, 387, 389, 390, 393, 400, 401, 405, 406, 407, 409, 410, 411, 412, 413, 415, 418, 424, 425, 430, 433, 435, 436, 437, 441, 443, 445, 447, 449, 451, 453, 454, 455, 456, 459], "excluded_lines": [255, 317, 373], "start_line": 161, "executed_branches": [], "missing_branches": [[194, 195], [194, 196], [263, 264], [263, 266], [270, 271], [270, 273], [302, 303], [302, 305], [305, 306], [305, 308], [323, 324], [323, 326], [330, 331], [330, 333], [357, 358], [357, 360], [362, 363], [362, 365], [379, 380], [379, 382], [386, 387], [386, 389], [405, 406], [405, 409], [411, 412], [411, 415], [447, -439], [447, 449], [451, 447], [451, 453], [454, 455], [454, 459]]}, "": {"executed_lines": [], "summary": {"covered_lines": 0, "num_statements": 48, "percent_covered": 0.0, "percent_covered_display": "0", "missing_lines": 48, "excluded_lines": 0, "percent_statements_covered": 0.0, "percent_statements_covered_display": "0", "num_branches": 0, "num_partial_branches": 0, "covered_branches": 0, "missing_branches": 0, "percent_branches_covered": 100.0, "percent_branches_covered_display": "100"}, "missing_lines": [13, 14, 15, 16, 17, 18, 19, 20, 21, 22, 24, 25, 27, 28, 30, 33, 34, 35, 36, 39, 42, 68, 84, 85, 93, 96, 101, 105, 109, 116, 124, 127, 134, 138, 142, 149, 156, 161, 164, 190, 198, 222, 234, 240, 286, 347, 403, 439], "excluded_lines": [], "start_line": 1, "executed_branches": [], "missing_branches": []}}}, "dhruva/backup/restore.py": {"executed_lines": [], "summary": {"covered_lines": 0, "num_statements": 166, "percent_covered": 0.0, "percent_covered_display": "0", "missing_lines": 166, "excluded_lines": 2, "percent_statements_covered": 0.0, "percent_statements_covered_display": "0", "num_branches": 44, "num_partial_branches": 0, "covered_branches": 0, "missing_branches": 44, "percent_branches_covered": 0.0, "percent_branches_covered_display": "0"}, "missing_lines": [11, 12, 13, 14, 15, 16, 17, 19, 21, 22, 24, 27, 30, 38, 39, 40, 41, 42, 48, 51, 59, 60, 61, 62, 65, 67, 69, 71, 74, 75, 76, 78, 80, 82, 84, 86, 87, 89, 91, 92, 95, 98, 99, 100, 101, 104, 105, 106, 107, 108, 111, 112, 114, 117, 119, 121, 122, 124, 125, 126, 128, 129, 133, 134, 135, 136, 138, 145, 146, 148, 150, 152, 153, 154, 155, 158, 159, 161, 168, 171, 173, 175, 179, 182, 184, 185, 190, 192, 195, 196, 200, 205, 209, 210, 212, 214, 218, 221, 222, 223, 226, 227, 228, 231, 232, 235, 237, 238, 241, 242, 243, 246, 253, 255, 256, 258, 264, 266, 268, 270, 271, 273, 274, 276, 277, 278, 279, 280, 282, 284, 286, 287, 288, 291, 292, 295, 298, 299, 300, 303, 306, 307, 308, 309, 310, 312, 313, 314, 315, 316, 318, 320, 321, 322, 324, 326, 328, 329, 330, 331, 332, 334, 336, 337, 340, 350], "excluded_lines": [44, 45], "executed_branches": [], "missing_branches": [[74, 75], [74, 80], [75, 76], [75, 78], [86, 87], [86, 89], [91, 92], [91, 98], [98, 99], [98, 104], [104, 105], [104, 111], [121, 122], [121, 124], [150, 152], [150, 171], [152, 153], [152, 154], [154, 155], [154, 158], [158, 159], [158, 161], [184, 185], [184, 190], [190, 192], [190, 205], [195, 196], [195, 200], [222, 223], [222, 226], [237, 238], [237, 253], [273, 274], [273, 276], [286, 287], [286, 291], [291, 292], [291, 298], [299, 300], [299, 306], [306, 307], [306, 318], [330, 331], [330, 332]], "functions": {"RestorePoint.__init__": {"executed_lines": [], "summary": {"covered_lines": 0, "num_statements": 5, "percent_covered": 0.0, "percent_covered_display": "0", "missing_lines": 5, "excluded_lines": 0, "percent_statements_covered": 0.0, "percent_statements_covered_display": "0", "num_branches": 0, "num_partial_branches": 0, "covered_branches": 0, "missing_branches": 0, "percent_branches_covered": 100.0, "percent_branches_covered_display": "100"}, "missing_lines": [38, 39, 40, 41, 42], "excluded_lines": [], "start_line": 30, "executed_branches": [], "missing_branches": []}, "RestorePoint.__str__": {"executed_lines": [], "summary": {"covered_lines": 0, "num_statements": 0, "percent_covered": 100.0, "percent_covered_display": "100", "missing_lines": 0, "excluded_lines": 1, "percent_statements_covered": 100.0, "percent_statements_covered_display": "100", "num_branches": 0, "num_partial_branches": 0, "covered_branches": 0, "missing_branches": 0, "percent_branches_covered": 100.0, "percent_branches_covered_display": "100"}, "missing_lines": [], "excluded_lines": [45], "start_line": 44, "executed_branches": [], "missing_branches": []}, "RestoreManager.__init__": {"executed_lines": [], "summary": {"covered_lines": 0, "num_statements": 6, "percent_covered": 0.0, "percent_covered_display": "0", "missing_lines": 6, "excluded_lines": 0, "percent_statements_covered": 0.0, "percent_statements_covered_display": "0", "num_branches": 0, "num_partial_branches": 0, "covered_branches": 0, "missing_branches": 0, "percent_branches_covered": 100.0, "percent_branches_covered_display": "100"}, "missing_lines": [59, 60, 61, 62, 65, 67], "excluded_lines": [], "start_line": 51, "executed_branches": [], "missing_branches": []}, "RestoreManager._ensure_target_directory": {"executed_lines": [], "summary": {"covered_lines": 0, "num_statements": 6, "percent_covered": 0.0, "percent_covered_display": "0", "missing_lines": 6, "excluded_lines": 0, "percent_statements_covered": 0.0, "percent_statements_covered_display": "0", "num_branches": 4, "num_partial_branches": 0, "covered_branches": 0, "missing_branches": 4, "percent_branches_covered": 0.0, "percent_branches_covered_display": "0"}, "missing_lines": [71, 74, 75, 76, 78, 80], "excluded_lines": [], "start_line": 69, "executed_branches": [], "missing_branches": [[74, 75], [74, 80], [75, 76], [75, 78]]}, "RestoreManager._restore_from_backup": {"executed_lines": [], "summary": {"covered_lines": 0, "num_statements": 20, "percent_covered": 0.0, "percent_covered_display": "0", "missing_lines": 20, "excluded_lines": 0, "percent_statements_covered": 0.0, "percent_statements_covered_display": "0", "num_branches": 8, "num_partial_branches": 0, "covered_branches": 0, "missing_branches": 8, "percent_branches_covered": 0.0, "percent_branches_covered_display": "0"}, "missing_lines": [84, 86, 87, 89, 91, 92, 95, 98, 99, 100, 101, 104, 105, 106, 107, 108, 111, 112, 114, 117], "excluded_lines": [], "start_line": 82, "executed_branches": [], "missing_branches": [[86, 87], [86, 89], [91, 92], [91, 98], [98, 99], [98, 104], [104, 105], [104, 111]]}, "RestoreManager._download_backup_from_cloud": {"executed_lines": [], "summary": {"covered_lines": 0, "num_statements": 11, "percent_covered": 0.0, "percent_covered_display": "0", "missing_lines": 11, "excluded_lines": 0, "percent_statements_covered": 0.0, "percent_statements_covered_display": "0", "num_branches": 2, "num_partial_branches": 0, "covered_branches": 0, "missing_branches": 2, "percent_branches_covered": 0.0, "percent_branches_covered_display": "0"}, "missing_lines": [121, 122, 124, 125, 126, 128, 129, 133, 134, 135, 136], "excluded_lines": [], "start_line": 119, "executed_branches": [], "missing_branches": [[121, 122], [121, 124]]}, "RestoreManager.find_restore_points": {"executed_lines": [], "summary": {"covered_lines": 0, "num_statements": 14, "percent_covered": 0.0, "percent_covered_display": "0", "missing_lines": 14, "excluded_lines": 0, "percent_statements_covered": 0.0, "percent_statements_covered_display": "0", "num_branches": 8, "num_partial_branches": 0, "covered_branches": 0, "missing_branches": 8, "percent_branches_covered": 0.0, "percent_branches_covered_display": "0"}, "missing_lines": [145, 146, 148, 150, 152, 153, 154, 155, 158, 159, 161, 168, 171, 173], "excluded_lines": [], "start_line": 138, "executed_branches": [], "missing_branches": [[150, 152], [150, 171], [152, 153], [152, 154], [154, 155], [154, 158], [158, 159], [158, 161]]}, "RestoreManager.restore_point_in_time": {"executed_lines": [], "summary": {"covered_lines": 0, "num_statements": 12, "percent_covered": 0.0, "percent_covered_display": "0", "missing_lines": 12, "excluded_lines": 0, "percent_statements_covered": 0.0, "percent_statements_covered_display": "0", "num_branches": 6, "num_partial_branches": 0, "covered_branches": 0, "missing_branches": 6, "percent_branches_covered": 0.0, "percent_branches_covered_display": "0"}, "missing_lines": [179, 182, 184, 185, 190, 1
[...]
nes": [416, 417, 418, 419, 420, 421, 422, 423, 424, 427, 428], "excluded_lines": [], "start_line": 415, "executed_branches": [], "missing_branches": [[424, 427], [424, 428]]}, "WordArray.__len__": {"executed_lines": [], "summary": {"covered_lines": 0, "num_statements": 1, "percent_covered": 0.0, "percent_covered_display": "0", "missing_lines": 1, "excluded_lines": 0, "percent_statements_covered": 0.0, "percent_statements_covered_display": "0", "num_branches": 0, "num_partial_branches": 0, "covered_branches": 0, "missing_branches": 0, "percent_branches_covered": 100.0, "percent_branches_covered_display": "100"}, "missing_lines": [431], "excluded_lines": [], "start_line": 430, "executed_branches": [], "missing_branches": []}, "WordArray.__getitem__": {"executed_lines": [], "summary": {"covered_lines": 0, "num_statements": 8, "percent_covered": 0.0, "percent_covered_display": "0", "missing_lines": 8, "excluded_lines": 0, "percent_statements_covered": 0.0, "percent_statements_covered_display": "0", "num_branches": 4, "num_partial_branches": 0, "covered_branches": 0, "missing_branches": 4, "percent_branches_covered": 0.0, "percent_branches_covered_display": "0"}, "missing_lines": [434, 435, 437, 438, 439, 440, 441, 443], "excluded_lines": [], "start_line": 433, "executed_branches": [], "missing_branches": [[434, 435], [434, 437], [438, 439], [438, 443]]}, "WordArray.__setitem__": {"executed_lines": [], "summary": {"covered_lines": 0, "num_statements": 8, "percent_covered": 0.0, "percent_covered_display": "0", "missing_lines": 8, "excluded_lines": 0, "percent_statements_covered": 0.0, "percent_statements_covered_display": "0", "num_branches": 4, "num_partial_branches": 0, "covered_branches": 0, "missing_branches": 4, "percent_branches_covered": 0.0, "percent_branches_covered_display": "0"}, "missing_lines": [446, 447, 449, 450, 451, 452, 453, 455], "excluded_lines": [], "start_line": 445, "executed_branches": [], "missing_branches": [[446, 447], [446, 449], [450, 451], [450, 455]]}, "WordArray.__iter__": {"executed_lines": [], "summary": {"covered_lines": 0, "num_statements": 2, "percent_covered": 0.0, "percent_covered_display": "0", "missing_lines": 2, "excluded_lines": 0, "percent_statements_covered": 0.0, "percent_statements_covered_display": "0", "num_branches": 2, "num_partial_branches": 0, "covered_branches": 0, "missing_branches": 2, "percent_branches_covered": 0.0, "percent_branches_covered_display": "0"}, "missing_lines": [458, 459], "excluded_lines": [], "start_line": 457, "executed_branches": [], "missing_branches": [[458, -457], [458, 459]]}, "WordArray.get_bytes_per_word": {"executed_lines": [], "summary": {"covered_lines": 0, "num_statements": 1, "percent_covered": 0.0, "percent_covered_display": "0", "missing_lines": 1, "excluded_lines": 0, "percent_statements_covered": 0.0, "percent_statements_covered_display": "0", "num_branches": 0, "num_partial_branches": 0, "covered_branches": 0, "missing_branches": 0, "percent_branches_covered": 100.0, "percent_branches_covered_display": "100"}, "missing_lines": [462], "excluded_lines": [], "start_line": 461, "executed_branches": [], "missing_branches": []}, "IntArray.__init__": {"executed_lines": [], "summary": {"covered_lines": 0, "num_statements": 11, "percent_covered": 0.0, "percent_covered_display": "0", "missing_lines": 11, "excluded_lines": 1, "percent_statements_covered": 0.0, "percent_statements_covered_display": "0", "num_branches": 4, "num_partial_branches": 0, "covered_branches": 0, "missing_branches": 4, "percent_branches_covered": 0.0, "percent_branches_covered_display": "0"}, "missing_lines": [475, 476, 478, 479, 480, 481, 483, 485, 486, 487, 488], "excluded_lines": [484], "start_line": 474, "executed_branches": [], "missing_branches": [[475, 476], [475, 478], [481, 483], [481, 485]]}, "IntArray.generate": {"executed_lines": [], "summary": {"covered_lines": 0, "num_statements": 9, "percent_covered": 0.0, "percent_covered_display": "0", "missing_lines": 9, "excluded_lines": 0, "percent_statements_covered": 0.0, "percent_statements_covered_display": "0", "num_branches": 4, "num_partial_branches": 0, "covered_branches": 0, "missing_branches": 4, "percent_branches_covered": 0.0, "percent_branches_covered_display": "0"}, "missing_lines": [492, 493, 494, 495, 496, 498, 499, 502, 503], "excluded_lines": [], "start_line": 491, "executed_branches": [], "missing_branches": [[495, 496], [495, 498], [499, 502], [499, 503]]}, "IntArray.get_blank_value": {"executed_lines": [], "summary": {"covered_lines": 0, "num_statements": 1, "percent_covered": 0.0, "percent_covered_display": "0", "missing_lines": 1, "excluded_lines": 0, "percent_statements_covered": 0.0, "percent_statements_covered_display": "0", "num_branches": 0, "num_partial_branches": 0, "covered_branches": 0, "missing_branches": 0, "percent_branches_covered": 100.0, "percent_branches_covered_display": "100"}, "missing_lines": [506], "excluded_lines": [], "start_line": 505, "executed_branches": [], "missing_branches": []}, "IntArray.get": {"executed_lines": [], "summary": {"covered_lines": 0, "num_statements": 7, "percent_covered": 0.0, "percent_covered_display": "0", "missing_lines": 7, "excluded_lines": 0, "percent_statements_covered": 0.0, "percent_statements_covered_display": "0", "num_branches": 2, "num_partial_branches": 0, "covered_branches": 0, "missing_branches": 2, "percent_branches_covered": 0.0, "percent_branches_covered_display": "0"}, "missing_lines": [509, 510, 511, 512, 513, 514, 516], "excluded_lines": [], "start_line": 508, "executed_branches": [], "missing_branches": [[513, 514], [513, 516]]}, "IntArray.__getitem__": {"executed_lines": [], "summary": {"covered_lines": 0, "num_statements": 1, "percent_covered": 0.0, "percent_covered_display": "0", "missing_lines": 1, "excluded_lines": 0, "percent_statements_covered": 0.0, "percent_statements_covered_display": "0", "num_branches": 0, "num_partial_branches": 0, "covered_branches": 0, "missing_branches": 0, "percent_branches_covered": 100.0, "percent_branches_covered_display": "100"}, "missing_lines": [519], "excluded_lines": [], "start_line": 518, "executed_branches": [], "missing_branches": []}, "IntArray.__setitem__": {"executed_lines": [], "summary": {"covered_lines": 0, "num_statements": 5, "percent_covered": 0.0, "percent_covered_display": "0", "missing_lines": 5, "excluded_lines": 0, "percent_statements_covered": 0.0, "percent_statements_covered_display": "0", "num_branches": 2, "num_partial_branches": 0, "covered_branches": 0, "missing_branches": 2, "percent_branches_covered": 0.0, "percent_branches_covered_display": "0"}, "missing_lines": [522, 523, 524, 525, 526], "excluded_lines": [], "start_line": 521, "executed_branches": [], "missing_branches": [[523, 524], [523, 525]]}, "IntArray.__iter__": {"executed_lines": [], "summary": {"covered_lines": 0, "num_statements": 2, "percent_covered": 0.0, "percent_covered_display": "0", "missing_lines": 2, "excluded_lines": 0, "percent_statements_covered": 0.0, "percent_statements_covered_display": "0", "num_branches": 2, "num_partial_branches": 0, "covered_branches": 0, "missing_branches": 2, "percent_branches_covered": 0.0, "percent_branches_covered_display": "0"}, "missing_lines": [529, 530], "excluded_lines": [], "start_line": 528, "executed_branches": [], "missing_branches": [[529, -528], [529, 530]]}, "IntArray.iteritems": {"executed_lines": [], "summary": {"covered_lines": 0, "num_statements": 3, "percent_covered": 0.0, "percent_covered_display": "0", "missing_lines": 3, "excluded_lines": 0, "percent_statements_covered": 0.0, "percent_statements_covered_display": "0", "num_branches": 4, "num_partial_branches": 0, "covered_branches": 0, "missing_branches": 4, "percent_branches_covered": 0.0, "percent_branches_covered_display": "0"}, "missing_lines": [533, 534, 535], "excluded_lines": [], "start_line": 532, "executed_branches": [], "missing_branches": [[533, -532], [533, 534], [534, 533], [534, 535]]}, "IntArray.__len__": {"executed_lines": [], "summary": {"covered_lines": 0, "num_statements": 1, "percent_covered": 0.0, "percent_covered_display": "0", "missing_lines": 1, "excluded_lines": 0, "percent_statements_covered": 0.0, "percent_statements_covered_display": "0", "num_branches": 0, "num_partial_branches": 0, "covered_branches": 0, "missing_branches": 0, "percent_branches_covered": 100.0, "percent_branches_covered_display": "100"}, "missing_lines": [540], "excluded_lines": [], "start_line": 539, "executed_branches": [], "missing_branches": []}, "IntSet.__init__": {"executed_lines": [], "summary": {"covered_lines": 0, "num_statements": 1, "percent_covered": 0.0, "percent_covered_display": "0", "missing_lines": 1, "excluded_lines": 0, "percent_statements_covered": 0.0, "percent_statements_covered_display": "0", "num_branches": 0, "num_partial_branches": 0, "covered_branches": 0, "missing_branches": 0, "percent_branches_covered": 100.0, "percent_branches_covered_display": "100"}, "missing_lines": [554], "excluded_lines": [], "start_line": 549, "executed_branches": [], "missing_branches": []}, "IntSet.add": {"executed_lines": [], "summary": {"covered_lines": 0, "num_statements": 3, "percent_covered": 0.0, "percent_covered_display": "0", "missing_lines": 3, "excluded_lines": 0, "percent_statements_covered": 0.0, "percent_statements_covered_display": "0", "num_branches": 2, "num_partial_branches": 0, "covered_branches": 0, "missing_branches": 2, "percent_branches_covered": 0.0, "percent_branches_covered_display": "0"}, "missing_lines": [557, 558, 559], "excluded_lines": [], "start_line": 556, "executed_branches": [], "missing_branches": [[557, 558], [557, 559]]}, "IntSet.__contains__": {"executed_lines": [], "summary": {"covered_lines": 0, "num_statements": 3, "percent_covered": 0.0, "percent_covered_display": "0", "missing_lines": 3, "excluded_lines": 0, "percent_statements_covered": 0.0, "percent_statements_covered_display": "0", "num_branches": 2, "num_partial_branches": 0, "covered_branches": 0, "missing_branches": 2, "percent_branches_covered": 0.0, "percent_branches_covered_display": "0"}, "missing_lines": [562, 563, 564], "excluded_lines": [], "start_line": 561, "executed_branches": [], "missing_branches": [[562, 563], [562, 564]]}, "IntSet.discard": {"executed_lines": [], "summary": {"covered_lines": 0, "num_statements": 2, "percent_covered": 0.0, "percent_covered_display": "0", "missing_lines": 2, "excluded_lines": 0, "percent_statements_covered": 0.0, "percent_statements_covered_display": "0", "num_branches": 2, "num_partial_branches": 0, "covered_branches": 0, "missing_branches": 2, "percent_branches_covered": 0.0, "percent_branches_covered_display": "0"}, "missing_lines": [567, 568], "excluded_lines": [], "start_line": 566, "executed_branches": [], "missing_branches": [[567, -566], [567, 568]]}, "": {"executed_lines": [9, 10, 13, 17, 21, 25, 29, 31, 49, 50, 52, 54, 57, 58, 60, 63, 71, 73, 76, 82, 85, 108, 127, 131, 135, 139, 143, 148, 152, 156, 160, 165, 171, 180, 186, 214, 223, 237, 251, 258, 267, 270, 278, 281, 287, 295, 305, 319, 322, 326, 331, 335, 338, 347, 358, 371, 374, 386, 391, 414, 415, 430, 433, 445, 457, 461, 465, 474, 490, 491, 505, 508, 518, 521, 528, 532, 537, 539, 543, 549, 556, 561, 566], "summary": {"covered_lines": 83, "num_statements": 92, "percent_covered": 87.5, "percent_covered_display": "88", "missing_lines": 9, "excluded_lines": 2, "percent_statements_covered": 90.21739130434783, "percent_statements_covered_display": "90", "num_branches": 4, "num_partial_branches": 1, "covered_branches": 1, "missing_branches": 3, "percent_branches_covered": 25.0, "percent_branches_covered_display": "25"}, "missing_lines": [32, 33, 35, 38, 41, 43, 44, 47, 55], "excluded_lines": [316, 382], "start_line": 1, "executed_branches": [[31, 49]], "missing_branches": [[31, 32], [43, 44], [43, 47]]}}, "classes": {"ShortRead": {"executed_lines": [], "summary": {"covered_lines": 0, "num_statements": 0, "percent_covered": 100.0, "percent_covered_display": "100", "missing_lines": 0, "excluded_lines": 0, "percent_statements_covered": 100.0, "percent_statements_covered_display": "100", "num_branches": 0, "num_partial_branches": 0, "covered_branches": 0, "missing_branches": 0, "percent_branches_covered": 100.0, "percent_branches_covered_display": "100"}, "missing_lines": [], "excluded_lines": [], "start_line": 76, "executed_branches": [], "missing_branches": []}, "ByteArray": {"executed_lines": [], "summary": {"covered_lines": 0, "num_statements": 61, "percent_covered": 0.0, "percent_covered_display": "0", "missing_lines": 61, "excluded_lines": 1, "percent_statements_covered": 0.0, "percent_statements_covered_display": "0", "num_branches": 32, "num_partial_branches": 0, "covered_branches": 0, "missing_branches": 32, "percent_branches_covered": 0.0, "percent_branches_covered_display": "0"}, "missing_lines": [172, 173, 175, 176, 177, 178, 184, 192, 193, 194, 196, 197, 200, 202, 203, 204, 205, 206, 207, 208, 209, 210, 211, 212, 220, 224, 225, 226, 228, 229, 230, 231, 232, 233, 235, 238, 239, 240, 242, 243, 244, 245, 246, 247, 249, 252, 253, 254, 256, 259, 260, 261, 262, 263, 265, 268, 271, 272, 273, 274, 275], "excluded_lines": [221], "start_line": 165, "executed_branches": [], "missing_branches": [[172, 173], [172, 175], [193, 194], [193, 211], [197, 200], [197, 211], [205, 206], [205, 211], [206, 207], [206, 208], [224, 225], [224, 229], [225, 226], [225, 228], [229, 230], [229, 235], [238, 239], [238, 243], [239, 240], [239, 242], [243, 244], [243, 249], [244, 245], [244, 246], [252, 253], [252, 256], [259, 260], [259, 265], [260, 261], [260, 262], [272, -270], [272, 273]]}, "Byte": {"executed_lines": [], "summary": {"covered_lines": 0, "num_statements": 21, "percent_covered": 0.0, "percent_covered_display": "0", "missing_lines": 21, "excluded_lines": 1, "percent_statements_covered": 0.0, "percent_statements_covered_display": "0", "num_branches": 16, "num_partial_branches": 0, "covered_branches": 0, "missing_branches": 16, "percent_branches_covered": 0.0, "percent_branches_covered_display": "0"}, "missing_lines": [288, 289, 290, 291, 293, 296, 297, 298, 299, 300, 302, 303, 306, 307, 308, 309, 310, 312, 314, 320, 323], "excluded_lines": [317], "start_line": 281, "executed_branches": [], "missing_branches": [[288, 289], [288, 290], [290, 291], [290, 293], [296, 297], [296, 298], [298, 299], [298, 303], [299, 300], [299, 302], [306, 307], [306, 308], [308, 309], [308, 314], [309, 310], [309, 312]]}, "BitArray": {"executed_lines": [], "summary": {"covered_lines": 0, "num_statements": 32, "percent_covered": 0.0, "percent_covered_display": "0", "missing_lines": 32, "excluded_lines": 1, "percent_statements_covered": 0.0, "percent_statements_covered_display": "0", "num_branches": 16, "num_partial_branches": 0, "covered_branches": 0, "missing_branches": 16, "percent_branches_covered": 0.0, "percent_branches_covered_display": "0"}, "missing_lines": [332, 333, 336, 339, 340, 341, 343, 344, 345, 348, 349, 351, 352, 353, 354, 356, 359, 360, 362, 363, 364, 365, 366, 367, 369, 372, 375, 376, 377, 378, 379, 380], "excluded_lines": [383], "start_line": 326, "executed_branches": [], "missing_branches": [[340, 341], [340, 343], [348, 349], [348, 351], [352, 353], [352, 356], [359, 360], [359, 362], [363, 364], [363, 369], [376, -374], [376, 377], [377, 376], [377, 378], [378, 379], [378, 380]]}, "WordArray": {"executed_lines": [], "summary": {"covered_lines": 0, "num_statements": 47, "percent_covered": 0.0, "percent_covered_display": "0", "missing_lines": 47, "excluded_lines": 1, "percent_statements_covered": 0.0, "percent_statements_covered_display": "0", "num_branches": 16, "num_partial_branches": 0, "covered_branches": 0, "missing_branches": 16, "percent_branches_covered": 0.0, "percent_branches_covered_display": "0"}, "missing_lines": [392, 393, 395, 396, 397, 398, 400, 404, 405, 406, 407, 408, 409, 410, 411, 412, 416, 417, 418, 419, 420, 421, 422, 423, 424, 427, 428, 431, 434, 435, 437, 438, 439, 440, 441, 443, 446, 447, 449, 450, 451, 452, 453, 455, 458, 459, 462], "excluded_lines": [403], "start_line": 386, "executed_branches": [], "missing_branches": [[392, 393], [392, 395], [398, 400], [398, 404], [424, 427], [424, 428], [434, 435], [434, 437], [438, 439], [438, 443], [446, 447], [446, 449], [450, 451], [450, 455], [458, -457], [458, 459]]}, "IntArray": {"executed_lines": [], "summary": {"covered_lines": 0, "num_statements": 40, "percent_covered": 0.0, "percent_covered_display": "0", "missing_lines": 40, "excluded_lines": 1, "percent_statements_covered": 0.0, "percent_statements_covered_display": "0", "num_branches": 18, "num_partial_branches": 0, "covered_branches": 0, "missing_branches": 18, "percent_branches_covered": 0.0, "percent_branches_covered_display": "0"}, "missing_lines": [475, 476, 478, 479, 480, 481, 483, 485, 486, 487, 488, 492, 493, 494, 495, 496, 498, 499, 502, 503, 506, 509, 510, 511, 512, 513, 514, 516, 519, 522, 523, 524, 525, 526, 529, 530, 533, 534, 535, 540], "excluded_lines": [484], "start_line": 465, "executed_branches": [], "missing_branches": [[475, 476], [475, 478], [481, 483], [481, 485], [495, 496], [495, 498], [499, 502], [499, 503], [513, 514], [513, 516], [523, 524], [523, 525], [529, -528], [529, 530], [533, -532], [533, 534], [534, 533], [534, 535]]}, "IntSet": {"executed_lines": [], "summary": {"covered_lines": 0, "num_statements": 9, "percent_covered": 0.0, "percent_covered_display": "0", "missing_lines": 9, "excluded_lines": 0, "percent_statements_covered": 0.0, "percent_statements_covered_display": "0", "num_branches": 6, "num_partial_branches": 0, "covered_branches": 0, "missing_branches": 6, "percent_branches_covered": 0.0, "percent_branches_covered_display": "0"}, "missing_lines": [554, 557, 558, 559, 562, 563, 564, 567, 568], "excluded_lines": [], "start_line": 543, "executed_branches": [], "missing_branches": [[557, 558], [557, 559], [562, 563], [562, 564], [567, -566], [567, 568]]}, "": {"executed_lines": [9, 10, 13, 17, 18, 21, 22, 25, 29, 31, 49, 50, 52, 54, 57, 58, 60, 63, 65, 68, 71, 73, 76, 82, 85, 108, 127, 131, 135, 139, 143, 148, 152, 156, 160, 165, 171, 180, 186, 214, 223, 237, 251, 258, 267, 270, 278, 281, 287, 295, 305, 319, 322, 326, 331, 335, 338, 347, 358, 371, 374, 386, 391, 414, 415, 430, 433, 445, 457, 461, 465, 474, 490, 491, 505, 508, 518, 521, 528, 532, 537, 539, 543, 549, 556, 561, 566], "summary": {"covered_lines": 87, "num_statements": 145, "percent_covered": 51.445086705202314, "percent_covered_display": "51", "missing_lines": 58, "excluded_lines": 2, "percent_statements_covered": 60.0, "percent_statements_covered_display": "60", "num_branches": 28, "num_partial_branches": 2, "covered_branches": 2, "missing_branches": 26, "percent_branches_covered": 7.142857142857143, "percent_branches_covered_display": "7"}, "missing_lines": [14, 26, 32, 33, 35, 36, 38, 39, 41, 43, 44, 47, 55, 66, 86, 87, 88, 89, 90, 91, 92, 94, 95, 96, 97, 98, 99, 100, 101, 102, 103, 104, 105, 109, 110, 111, 112, 113, 114, 117, 118, 119, 120, 121, 122, 123, 124, 128, 132, 136, 140, 144, 145, 149, 153, 157, 161, 162], "excluded_lines": [316, 382], "start_line": 1, "executed_branches": [[31, 49], [65, 68]], "missing_branches": [[31, 32], [43, 44], [43, 47], [65, 66], [86, 87], [86, 88], [89, 90], [89, 94], [91, 92], [91, 103], [96, 97], [96, 102], [98, 99], [98, 100], [103, 104], [103, 105], [110, 111], [110, 112], [113, 114], [113, 117], [118, -108], [118, 119], [120, 121], [120, 124], [122, 123], [122, 124]]}}}}, "totals": {"covered_lines": 1258, "num_statements": 7388, "percent_covered": 13.4233853946813, "percent_covered_display": "13", "missing_lines": 6130, "excluded_lines": 476, "percent_statements_covered": 17.027612344342177, "percent_statements_covered_display": "17", "num_branches": 2088, "num_partial_branches": 12, "covered_branches": 14, "missing_branches": 2074, "percent_branches_covered": 0.6704980842911877, "percent_branches_covered_display": "1"}}